TpTrace Verbose: 0 : 4036, 1, 2021/08/12, 09:25:23.545, 11812592561142, vstest.console.dll, Version: 16.10.0
TpTrace Information: 0 : 4036, 1, 2021/08/12, 09:25:23.553, 11812592617179, vstest.console.dll, FilePatternParser: The given file C:\Users\matt.hudson\source\repos\TicTacTotallyAwesome\TicTacTotallyAwesome.Test\bin\Debug\netcoreapp3.1\fine-code-coverage\build-output\TicTacTotallyAwesome.Test.dll is a full path.
TpTrace Verbose: 0 : 4036, 1, 2021/08/12, 09:25:23.558, 11812592669666, vstest.console.dll, TestPluginCache.DiscoverTestExtensions: finding test extensions in assemblies ends with: RuntimeProvider.dll TPluginInfo: Microsoft.VisualStudio.TestPlatform.Common.ExtensionFramework.Utilities.TestRuntimePluginInformation TExtension: Microsoft.VisualStudio.TestPlatform.ObjectModel.Host.ITestRuntimeProvider
TpTrace Verbose: 0 : 4036, 1, 2021/08/12, 09:25:23.559, 11812592673863, vstest.console.dll, TestPluginCache.GetExtensionPaths: Filtered extension paths: 
TpTrace Verbose: 0 : 4036, 1, 2021/08/12, 09:25:23.559, 11812592674637, vstest.console.dll, TestPluginCache.GetExtensionPaths: Added default extension paths: C:\Program Files\dotnet\sdk\5.0.302\Extensions\Microsoft.Diagnostics.NETCore.Client.dll
C:\Program Files\dotnet\sdk\5.0.302\Extensions\Microsoft.TestPlatform.Extensions.BlameDataCollector.dll
C:\Program Files\dotnet\sdk\5.0.302\Extensions\Microsoft.TestPlatform.Extensions.EventLogCollector.dll
C:\Program Files\dotnet\sdk\5.0.302\Extensions\Microsoft.TestPlatform.TestHostRuntimeProvider.dll
C:\Program Files\dotnet\sdk\5.0.302\Extensions\Microsoft.VisualStudio.TestPlatform.Extensions.Html.TestLogger.dll
C:\Program Files\dotnet\sdk\5.0.302\Extensions\Microsoft.VisualStudio.TestPlatform.Extensions.Trx.TestLogger.dll
TpTrace Verbose: 0 : 4036, 1, 2021/08/12, 09:25:23.559, 11812592674959, vstest.console.dll, TestPluginCache.GetExtensionPaths: Added unfilterableExtensionPaths: 
TpTrace Information: 0 : 4036, 1, 2021/08/12, 09:25:23.559, 11812592680491, vstest.console.dll, AssemblyResolver.ctor: Creating AssemblyResolver with searchDirectories C:\Program Files\dotnet\sdk\5.0.302\Extensions,C:\Program Files\dotnet\sdk\5.0.302
TpTrace Verbose: 0 : 4036, 1, 2021/08/12, 09:25:23.560, 11812592690211, vstest.console.dll, TestPluginCache.DiscoverTestExtensions: Discovering the extensions using extension path.
TpTrace Verbose: 0 : 4036, 1, 2021/08/12, 09:25:23.560, 11812592691011, vstest.console.dll, TestPluginCache.GetExtensionPaths: Filtered extension paths: 
TpTrace Verbose: 0 : 4036, 1, 2021/08/12, 09:25:23.560, 11812592691359, vstest.console.dll, TestPluginCache.GetExtensionPaths: Added default extension paths: C:\Program Files\dotnet\sdk\5.0.302\Extensions\Microsoft.Diagnostics.NETCore.Client.dll
C:\Program Files\dotnet\sdk\5.0.302\Extensions\Microsoft.TestPlatform.Extensions.BlameDataCollector.dll
C:\Program Files\dotnet\sdk\5.0.302\Extensions\Microsoft.TestPlatform.Extensions.EventLogCollector.dll
C:\Program Files\dotnet\sdk\5.0.302\Extensions\Microsoft.TestPlatform.TestHostRuntimeProvider.dll
C:\Program Files\dotnet\sdk\5.0.302\Extensions\Microsoft.VisualStudio.TestPlatform.Extensions.Html.TestLogger.dll
C:\Program Files\dotnet\sdk\5.0.302\Extensions\Microsoft.VisualStudio.TestPlatform.Extensions.Trx.TestLogger.dll
TpTrace Verbose: 0 : 4036, 1, 2021/08/12, 09:25:23.560, 11812592691606, vstest.console.dll, TestPluginCache.GetExtensionPaths: Added unfilterableExtensionPaths: 
TpTrace Verbose: 0 : 4036, 1, 2021/08/12, 09:25:23.560, 11812592692072, vstest.console.dll, TestPluginCache.DiscoverTestExtensions: Discovering the extensions using allExtensionPaths: C:\Program Files\dotnet\sdk\5.0.302\Extensions\Microsoft.Diagnostics.NETCore.Client.dll
C:\Program Files\dotnet\sdk\5.0.302\Extensions\Microsoft.TestPlatform.Extensions.BlameDataCollector.dll
C:\Program Files\dotnet\sdk\5.0.302\Extensions\Microsoft.TestPlatform.Extensions.EventLogCollector.dll
C:\Program Files\dotnet\sdk\5.0.302\Extensions\Microsoft.TestPlatform.TestHostRuntimeProvider.dll
C:\Program Files\dotnet\sdk\5.0.302\Extensions\Microsoft.VisualStudio.TestPlatform.Extensions.Html.TestLogger.dll
C:\Program Files\dotnet\sdk\5.0.302\Extensions\Microsoft.VisualStudio.TestPlatform.Extensions.Trx.TestLogger.dll
TpTrace Information: 0 : 4036, 1, 2021/08/12, 09:25:23.561, 11812592693020, vstest.console.dll, AssemblyResolver.AddSearchDirectories: Adding more searchDirectories C:\Program Files\dotnet\sdk\5.0.302\Extensions,C:\Program Files\dotnet\sdk\5.0.302
TpTrace Information: 0 : 4036, 1, 2021/08/12, 09:25:23.561, 11812592693486, vstest.console.dll, AssemblyResolver.AddSearchDirectories: Adding more searchDirectories C:\Program Files\dotnet\sdk\5.0.302\Extensions,C:\Program Files\dotnet\sdk\5.0.302
TpTrace Information: 0 : 4036, 1, 2021/08/12, 09:25:23.561, 11812592693821, vstest.console.dll, AssemblyResolver.AddSearchDirectories: Adding more searchDirectories C:\Program Files\dotnet\sdk\5.0.302\Extensions,C:\Program Files\dotnet\sdk\5.0.302
TpTrace Information: 0 : 4036, 1, 2021/08/12, 09:25:23.561, 11812592694055, vstest.console.dll, AssemblyResolver.AddSearchDirectories: Adding more searchDirectories C:\Program Files\dotnet\sdk\5.0.302\Extensions,C:\Program Files\dotnet\sdk\5.0.302
TpTrace Information: 0 : 4036, 1, 2021/08/12, 09:25:23.561, 11812592694279, vstest.console.dll, AssemblyResolver.AddSearchDirectories: Adding more searchDirectories C:\Program Files\dotnet\sdk\5.0.302\Extensions,C:\Program Files\dotnet\sdk\5.0.302
TpTrace Information: 0 : 4036, 1, 2021/08/12, 09:25:23.561, 11812592694531, vstest.console.dll, AssemblyResolver.AddSearchDirectories: Adding more searchDirectories C:\Program Files\dotnet\sdk\5.0.302\Extensions,C:\Program Files\dotnet\sdk\5.0.302
TpTrace Information: 0 : 4036, 1, 2021/08/12, 09:25:23.561, 11812592696885, vstest.console.dll, AssemblyResolver.OnResolve: Microsoft.Diagnostics.NETCore.Client: Resolving assembly.
TpTrace Information: 0 : 4036, 1, 2021/08/12, 09:25:23.561, 11812592697369, vstest.console.dll, AssemblyResolver.OnResolve: Microsoft.Diagnostics.NETCore.Client: Searching in: 'C:\Program Files\dotnet\sdk\5.0.302\Extensions'.
TpTrace Information: 0 : 4036, 1, 2021/08/12, 09:25:23.561, 11812592700443, vstest.console.dll, AssemblyResolver.OnResolve: Microsoft.Diagnostics.NETCore.Client: Loading assembly 'C:\Program Files\dotnet\sdk\5.0.302\Extensions\Microsoft.Diagnostics.NETCore.Client.dll'.
TpTrace Information: 0 : 4036, 1, 2021/08/12, 09:25:23.562, 11812592706191, vstest.console.dll, AssemblyResolver.OnResolve: Resolved assembly: Microsoft.Diagnostics.NETCore.Client, from path: C:\Program Files\dotnet\sdk\5.0.302\Extensions\Microsoft.Diagnostics.NETCore.Client.dll
TpTrace Information: 0 : 4036, 1, 2021/08/12, 09:25:23.564, 11812592730196, vstest.console.dll, AssemblyResolver.OnResolve: Microsoft.Bcl.AsyncInterfaces: Resolving assembly.
TpTrace Information: 0 : 4036, 1, 2021/08/12, 09:25:23.564, 11812592730762, vstest.console.dll, AssemblyResolver.OnResolve: Microsoft.Bcl.AsyncInterfaces: Searching in: 'C:\Program Files\dotnet\sdk\5.0.302\Extensions'.
TpTrace Information: 0 : 4036, 1, 2021/08/12, 09:25:23.564, 11812592731474, vstest.console.dll, AssemblyResolver.OnResolve: Microsoft.Bcl.AsyncInterfaces: Assembly path does not exist: 'C:\Program Files\dotnet\sdk\5.0.302\Extensions\Microsoft.Bcl.AsyncInterfaces.dll', returning.
TpTrace Information: 0 : 4036, 1, 2021/08/12, 09:25:23.564, 11812592732036, vstest.console.dll, AssemblyResolver.OnResolve: Microsoft.Bcl.AsyncInterfaces: Assembly path does not exist: 'C:\Program Files\dotnet\sdk\5.0.302\Extensions\Microsoft.Bcl.AsyncInterfaces.exe', returning.
TpTrace Information: 0 : 4036, 1, 2021/08/12, 09:25:23.564, 11812592732309, vstest.console.dll, AssemblyResolver.OnResolve: Microsoft.Bcl.AsyncInterfaces: Searching in: 'C:\Program Files\dotnet\sdk\5.0.302'.
TpTrace Information: 0 : 4036, 1, 2021/08/12, 09:25:23.565, 11812592732900, vstest.console.dll, AssemblyResolver.OnResolve: Microsoft.Bcl.AsyncInterfaces: Assembly path does not exist: 'C:\Program Files\dotnet\sdk\5.0.302\Microsoft.Bcl.AsyncInterfaces.dll', returning.
TpTrace Information: 0 : 4036, 1, 2021/08/12, 09:25:23.565, 11812592733429, vstest.console.dll, AssemblyResolver.OnResolve: Microsoft.Bcl.AsyncInterfaces: Assembly path does not exist: 'C:\Program Files\dotnet\sdk\5.0.302\Microsoft.Bcl.AsyncInterfaces.exe', returning.
TpTrace Information: 0 : 4036, 1, 2021/08/12, 09:25:23.565, 11812592733948, vstest.console.dll, AssemblyResolver.OnResolve: Microsoft.Bcl.AsyncInterfaces: Failed to load assembly.
TpTrace Verbose: 0 : 4036, 1, 2021/08/12, 09:25:23.565, 11812592734291, vstest.console.dll, CurrentDomainAssemblyResolve: Resolving assembly 'Microsoft.Bcl.AsyncInterfaces'.
TpTrace Information: 0 : 4036, 1, 2021/08/12, 09:25:23.565, 11812592734833, vstest.console.dll, AssemblyResolver.OnResolve: Microsoft.Bcl.AsyncInterfaces: Resolving assembly.
TpTrace Information: 0 : 4036, 1, 2021/08/12, 09:25:23.565, 11812592735149, vstest.console.dll, AssemblyResolver.OnResolve: Microsoft.Bcl.AsyncInterfaces: Resolved from cache.
TpTrace Verbose: 0 : 4036, 1, 2021/08/12, 09:25:23.565, 11812592735392, vstest.console.dll, CurrentDomainAssemblyResolve: Resolving assembly 'Microsoft.Bcl.AsyncInterfaces'.
TpTrace Verbose: 0 : 4036, 1, 2021/08/12, 09:25:23.565, 11812592735670, vstest.console.dll, CurrentDomainAssemblyResolve: Failed to resolve assembly 'Microsoft.Bcl.AsyncInterfaces'.
TpTrace Verbose: 0 : 4036, 1, 2021/08/12, 09:25:23.565, 11812592741549, vstest.console.dll, CurrentDomainAssemblyResolve: Failed to resolve assembly 'Microsoft.Bcl.AsyncInterfaces'.
TpTrace Warning: 0 : 4036, 1, 2021/08/12, 09:25:23.576, 11812592850005, vstest.console.dll, TestPluginDiscoverer: Failed to get types from assembly 'Microsoft.Diagnostics.NETCore.Client, Version=0.2.2.41902, Culture=neutral, PublicKeyToken=31bf3856ad364e35'.  Skipping test extension scan for this assembly.  Error: System.Reflection.ReflectionTypeLoadException: Unable to load one or more of the requested types.
Could not load file or assembly 'Microsoft.Bcl.AsyncInterfaces, Version=1.0.0.0, Culture=neutral, PublicKeyToken=cc7b13ffcd2ddd51'. The system cannot find the file specified.
   at System.Reflection.RuntimeModule.GetTypes(RuntimeModule module)
   at System.Reflection.RuntimeModule.GetTypes()
   at System.Reflection.Assembly.GetTypes()
   at Microsoft.VisualStudio.TestPlatform.Common.ExtensionFramework.TestPluginDiscoverer.GetTestExtensionsFromAssembly[TPluginInfo,TExtension](Assembly assembly, Dictionary`2 pluginInfos)
System.IO.FileNotFoundException: Could not load file or assembly 'Microsoft.Bcl.AsyncInterfaces, Version=1.0.0.0, Culture=neutral, PublicKeyToken=cc7b13ffcd2ddd51'. The system cannot find the file specified.
File name: 'Microsoft.Bcl.AsyncInterfaces, Version=1.0.0.0, Culture=neutral, PublicKeyToken=cc7b13ffcd2ddd51'
TpTrace Warning: 0 : 4036, 1, 2021/08/12, 09:25:23.576, 11812592850865, vstest.console.dll, LoaderExceptions: System.IO.FileNotFoundException: Could not load file or assembly 'Microsoft.Bcl.AsyncInterfaces, Version=1.0.0.0, Culture=neutral, PublicKeyToken=cc7b13ffcd2ddd51'. The system cannot find the file specified.
File name: 'Microsoft.Bcl.AsyncInterfaces, Version=1.0.0.0, Culture=neutral, PublicKeyToken=cc7b13ffcd2ddd51'
TpTrace Information: 0 : 4036, 1, 2021/08/12, 09:25:23.576, 11812592851692, vstest.console.dll, AssemblyResolver.OnResolve: Microsoft.TestPlatform.Extensions.BlameDataCollector: Resolving assembly.
TpTrace Information: 0 : 4036, 1, 2021/08/12, 09:25:23.576, 11812592852023, vstest.console.dll, AssemblyResolver.OnResolve: Microsoft.TestPlatform.Extensions.BlameDataCollector: Searching in: 'C:\Program Files\dotnet\sdk\5.0.302\Extensions'.
TpTrace Information: 0 : 4036, 1, 2021/08/12, 09:25:23.577, 11812592854357, vstest.console.dll, AssemblyResolver.OnResolve: Microsoft.TestPlatform.Extensions.BlameDataCollector: Loading assembly 'C:\Program Files\dotnet\sdk\5.0.302\Extensions\Microsoft.TestPlatform.Extensions.BlameDataCollector.dll'.
TpTrace Information: 0 : 4036, 1, 2021/08/12, 09:25:23.577, 11812592859940, vstest.console.dll, AssemblyResolver.OnResolve: Resolved assembly: Microsoft.TestPlatform.Extensions.BlameDataCollector, from path: C:\Program Files\dotnet\sdk\5.0.302\Extensions\Microsoft.TestPlatform.Extensions.BlameDataCollector.dll
TpTrace Information: 0 : 4036, 1, 2021/08/12, 09:25:23.578, 11812592864043, vstest.console.dll, AssemblyResolver.OnResolve: Microsoft.TestPlatform.Extensions.EventLogCollector: Resolving assembly.
TpTrace Information: 0 : 4036, 1, 2021/08/12, 09:25:23.578, 11812592864475, vstest.console.dll, AssemblyResolver.OnResolve: Microsoft.TestPlatform.Extensions.EventLogCollector: Searching in: 'C:\Program Files\dotnet\sdk\5.0.302\Extensions'.
TpTrace Information: 0 : 4036, 1, 2021/08/12, 09:25:23.578, 11812592866674, vstest.console.dll, AssemblyResolver.OnResolve: Microsoft.TestPlatform.Extensions.EventLogCollector: Loading assembly 'C:\Program Files\dotnet\sdk\5.0.302\Extensions\Microsoft.TestPlatform.Extensions.EventLogCollector.dll'.
TpTrace Information: 0 : 4036, 1, 2021/08/12, 09:25:23.578, 11812592870723, vstest.console.dll, AssemblyResolver.OnResolve: Resolved assembly: Microsoft.TestPlatform.Extensions.EventLogCollector, from path: C:\Program Files\dotnet\sdk\5.0.302\Extensions\Microsoft.TestPlatform.Extensions.EventLogCollector.dll
TpTrace Information: 0 : 4036, 1, 2021/08/12, 09:25:23.580, 11812592885573, vstest.console.dll, AssemblyResolver.OnResolve: Microsoft.TestPlatform.TestHostRuntimeProvider: Resolving assembly.
TpTrace Information: 0 : 4036, 1, 2021/08/12, 09:25:23.580, 11812592886019, vstest.console.dll, AssemblyResolver.OnResolve: Microsoft.TestPlatform.TestHostRuntimeProvider: Searching in: 'C:\Program Files\dotnet\sdk\5.0.302\Extensions'.
TpTrace Information: 0 : 4036, 1, 2021/08/12, 09:25:23.580, 11812592888906, vstest.console.dll, AssemblyResolver.OnResolve: Microsoft.TestPlatform.TestHostRuntimeProvider: Loading assembly 'C:\Program Files\dotnet\sdk\5.0.302\Extensions\Microsoft.TestPlatform.TestHostRuntimeProvider.dll'.
TpTrace Information: 0 : 4036, 1, 2021/08/12, 09:25:23.581, 11812592894883, vstest.console.dll, AssemblyResolver.OnResolve: Resolved assembly: Microsoft.TestPlatform.TestHostRuntimeProvider, from path: C:\Program Files\dotnet\sdk\5.0.302\Extensions\Microsoft.TestPlatform.TestHostRuntimeProvider.dll
TpTrace Information: 0 : 4036, 1, 2021/08/12, 09:25:23.582, 11812592902846, vstest.console.dll, AssemblyResolver.OnResolve: Microsoft.VisualStudio.TestPlatform.Extensions.Html.TestLogger: Resolving assembly.
TpTrace Information: 0 : 4036, 1, 2021/08/12, 09:25:23.582, 11812592903275, vstest.console.dll, AssemblyResolver.OnResolve: Microsoft.VisualStudio.TestPlatform.Extensions.Html.TestLogger: Searching in: 'C:\Program Files\dotnet\sdk\5.0.302\Extensions'.
TpTrace Information: 0 : 4036, 1, 2021/08/12, 09:25:23.582, 11812592905544, vstest.console.dll, AssemblyResolver.OnResolve: Microsoft.VisualStudio.TestPlatform.Extensions.Html.TestLogger: Loading assembly 'C:\Program Files\dotnet\sdk\5.0.302\Extensions\Microsoft.VisualStudio.TestPlatform.Extensions.Html.TestLogger.dll'.
TpTrace Information: 0 : 4036, 1, 2021/08/12, 09:25:23.582, 11812592910712, vstest.console.dll, AssemblyResolver.OnResolve: Resolved assembly: Microsoft.VisualStudio.TestPlatform.Extensions.Html.TestLogger, from path: C:\Program Files\dotnet\sdk\5.0.302\Extensions\Microsoft.VisualStudio.TestPlatform.Extensions.Html.TestLogger.dll
TpTrace Information: 0 : 4036, 1, 2021/08/12, 09:25:23.583, 11812592912827, vstest.console.dll, AssemblyResolver.OnResolve: Microsoft.VisualStudio.TestPlatform.Extensions.Trx.TestLogger: Resolving assembly.
TpTrace Information: 0 : 4036, 1, 2021/08/12, 09:25:23.583, 11812592913211, vstest.console.dll, AssemblyResolver.OnResolve: Microsoft.VisualStudio.TestPlatform.Extensions.Trx.TestLogger: Searching in: 'C:\Program Files\dotnet\sdk\5.0.302\Extensions'.
TpTrace Information: 0 : 4036, 1, 2021/08/12, 09:25:23.583, 11812592915344, vstest.console.dll, AssemblyResolver.OnResolve: Microsoft.VisualStudio.TestPlatform.Extensions.Trx.TestLogger: Loading assembly 'C:\Program Files\dotnet\sdk\5.0.302\Extensions\Microsoft.VisualStudio.TestPlatform.Extensions.Trx.TestLogger.dll'.
TpTrace Information: 0 : 4036, 1, 2021/08/12, 09:25:23.583, 11812592921183, vstest.console.dll, AssemblyResolver.OnResolve: Resolved assembly: Microsoft.VisualStudio.TestPlatform.Extensions.Trx.TestLogger, from path: C:\Program Files\dotnet\sdk\5.0.302\Extensions\Microsoft.VisualStudio.TestPlatform.Extensions.Trx.TestLogger.dll
TpTrace Verbose: 0 : 4036, 1, 2021/08/12, 09:25:23.584, 11812592924597, vstest.console.dll, TestPluginCache: Discovered the extensions using extension path ''.
TpTrace Verbose: 0 : 4036, 1, 2021/08/12, 09:25:23.584, 11812592925010, vstest.console.dll, TestPluginCache: Discoverers are ''.
TpTrace Verbose: 0 : 4036, 1, 2021/08/12, 09:25:23.584, 11812592925237, vstest.console.dll, TestPluginCache: Executors are ''.
TpTrace Verbose: 0 : 4036, 1, 2021/08/12, 09:25:23.584, 11812592925481, vstest.console.dll, TestPluginCache: Executors2 are ''.
TpTrace Verbose: 0 : 4036, 1, 2021/08/12, 09:25:23.584, 11812592925679, vstest.console.dll, TestPluginCache: Setting providers are ''.
TpTrace Verbose: 0 : 4036, 1, 2021/08/12, 09:25:23.584, 11812592925874, vstest.console.dll, TestPluginCache: Loggers are ''.
TpTrace Information: 0 : 4036, 1, 2021/08/12, 09:25:23.587, 11812592959400, vstest.console.dll, RunTestsArgumentProcessor:Execute: Test run is starting.
TpTrace Verbose: 0 : 4036, 1, 2021/08/12, 09:25:23.587, 11812592959854, vstest.console.dll, RunTestsArgumentProcessor:Execute: Queuing Test run.
TpTrace Information: 0 : 4036, 1, 2021/08/12, 09:25:23.587, 11812592961150, vstest.console.dll, TestRequestManager.RunTests: run tests started.
TpTrace Information: 0 : 4036, 1, 2021/08/12, 09:25:23.589, 11812592981171, vstest.console.dll, AssemblyMetadataProvider.GetFrameWork: Determined framework:'.NETCoreApp,Version=v3.1' for source: 'C:\Users\matt.hudson\source\repos\TicTacTotallyAwesome\TicTacTotallyAwesome.Test\bin\Debug\netcoreapp3.1\fine-code-coverage\build-output\TicTacTotallyAwesome.Test.dll'
TpTrace Information: 0 : 4036, 1, 2021/08/12, 09:25:23.589, 11812592982221, vstest.console.dll, Determined framework for all sources: .NETCoreApp,Version=v3.1
TpTrace Information: 0 : 4036, 1, 2021/08/12, 09:25:23.590, 11812592985374, vstest.console.dll, AssemblyMetadataProvider.GetArchitecture: Determined architecture:AnyCPU info for assembly: C:\Users\matt.hudson\source\repos\TicTacTotallyAwesome\TicTacTotallyAwesome.Test\bin\Debug\netcoreapp3.1\fine-code-coverage\build-output\TicTacTotallyAwesome.Test.dll
TpTrace Information: 0 : 4036, 1, 2021/08/12, 09:25:23.591, 11812592997788, vstest.console.dll, Determined platform for all sources: X64
TpTrace Information: 0 : 4036, 1, 2021/08/12, 09:25:23.593, 11812593015455, vstest.console.dll, Compatible sources list : 
TpTrace Information: 0 : 4036, 1, 2021/08/12, 09:25:23.593, 11812593015971, vstest.console.dll, C:\Users\matt.hudson\source\repos\TicTacTotallyAwesome\TicTacTotallyAwesome.Test\bin\Debug\netcoreapp3.1\fine-code-coverage\build-output\TicTacTotallyAwesome.Test.dll
TpTrace Information: 0 : 4036, 1, 2021/08/12, 09:25:23.594, 11812593029264, vstest.console.dll, InferRunSettingsHelper.IsTestSettingsEnabled: Unable to navigate to RunSettings/MSTest. Current node: RunSettings
TpTrace Information: 0 : 4036, 1, 2021/08/12, 09:25:23.595, 11812593033345, vstest.console.dll, AssemblyResolver.OnResolve: Microsoft.VisualStudio.TestPlatform.Fakes: Resolving assembly.
TpTrace Information: 0 : 4036, 1, 2021/08/12, 09:25:23.595, 11812593033793, vstest.console.dll, AssemblyResolver.OnResolve: Microsoft.VisualStudio.TestPlatform.Fakes: Searching in: 'C:\Program Files\dotnet\sdk\5.0.302\Extensions'.
TpTrace Information: 0 : 4036, 1, 2021/08/12, 09:25:23.595, 11812593034622, vstest.console.dll, AssemblyResolver.OnResolve: Microsoft.VisualStudio.TestPlatform.Fakes: Assembly path does not exist: 'C:\Program Files\dotnet\sdk\5.0.302\Extensions\Microsoft.VisualStudio.TestPlatform.Fakes.dll', returning.
TpTrace Information: 0 : 4036, 1, 2021/08/12, 09:25:23.595, 11812593035204, vstest.console.dll, AssemblyResolver.OnResolve: Microsoft.VisualStudio.TestPlatform.Fakes: Assembly path does not exist: 'C:\Program Files\dotnet\sdk\5.0.302\Extensions\Microsoft.VisualStudio.TestPlatform.Fakes.exe', returning.
TpTrace Information: 0 : 4036, 1, 2021/08/12, 09:25:23.595, 11812593035490, vstest.console.dll, AssemblyResolver.OnResolve: Microsoft.VisualStudio.TestPlatform.Fakes: Searching in: 'C:\Program Files\dotnet\sdk\5.0.302'.
TpTrace Information: 0 : 4036, 1, 2021/08/12, 09:25:23.595, 11812593036090, vstest.console.dll, AssemblyResolver.OnResolve: Microsoft.VisualStudio.TestPlatform.Fakes: Assembly path does not exist: 'C:\Program Files\dotnet\sdk\5.0.302\Microsoft.VisualStudio.TestPlatform.Fakes.dll', returning.
TpTrace Information: 0 : 4036, 1, 2021/08/12, 09:25:23.595, 11812593036639, vstest.console.dll, AssemblyResolver.OnResolve: Microsoft.VisualStudio.TestPlatform.Fakes: Assembly path does not exist: 'C:\Program Files\dotnet\sdk\5.0.302\Microsoft.VisualStudio.TestPlatform.Fakes.exe', returning.
TpTrace Information: 0 : 4036, 1, 2021/08/12, 09:25:23.595, 11812593036888, vstest.console.dll, AssemblyResolver.OnResolve: Microsoft.VisualStudio.TestPlatform.Fakes: Failed to load assembly.
TpTrace Information: 0 : 4036, 1, 2021/08/12, 09:25:23.595, 11812593039352, vstest.console.dll, Failed to create newly implemented Fakes Configurator. Reason:System.IO.FileNotFoundException: Could not load file or assembly 'Microsoft.VisualStudio.TestPlatform.Fakes, Version=16.0.0.0, Culture=neutral, PublicKeyToken=null'. The system cannot find the file specified.
File name: 'Microsoft.VisualStudio.TestPlatform.Fakes, Version=16.0.0.0, Culture=neutral, PublicKeyToken=null'
   at System.Reflection.RuntimeAssembly.InternalLoad(ObjectHandleOnStack assemblyName, ObjectHandleOnStack requestingAssembly, StackCrawlMarkHandle stackMark, Boolean throwOnFileNotFound, ObjectHandleOnStack assemblyLoadContext, ObjectHandleOnStack retAssembly)
   at System.Reflection.RuntimeAssembly.InternalLoad(AssemblyName assemblyName, RuntimeAssembly requestingAssembly, StackCrawlMark& stackMark, Boolean throwOnFileNotFound, AssemblyLoadContext assemblyLoadContext)
   at System.Reflection.Assembly.Load(AssemblyName assemblyRef)
   at Microsoft.VisualStudio.TestPlatform.Common.Utilities.FakesUtilities.TryGetFakesCrossPlatformDataCollectorConfigurator() 
TpTrace Verbose: 0 : 4036, 1, 2021/08/12, 09:25:23.598, 11812593067666, vstest.console.dll, TestPluginCache.DiscoverTestExtensions: finding test extensions in assemblies ends with: TestLogger.dll TPluginInfo: Microsoft.VisualStudio.TestPlatform.Common.ExtensionFramework.Utilities.TestLoggerPluginInformation TExtension: Microsoft.VisualStudio.TestPlatform.ObjectModel.Client.ITestLogger
TpTrace Verbose: 0 : 4036, 1, 2021/08/12, 09:25:23.598, 11812593068339, vstest.console.dll, TestPluginCache.GetExtensionPaths: Filtered extension paths: 
TpTrace Verbose: 0 : 4036, 1, 2021/08/12, 09:25:23.598, 11812593068620, vstest.console.dll, TestPluginCache.GetExtensionPaths: Added default extension paths: C:\Program Files\dotnet\sdk\5.0.302\Extensions\Microsoft.Diagnostics.NETCore.Client.dll
C:\Program Files\dotnet\sdk\5.0.302\Extensions\Microsoft.TestPlatform.Extensions.BlameDataCollector.dll
C:\Program Files\dotnet\sdk\5.0.302\Extensions\Microsoft.TestPlatform.Extensions.EventLogCollector.dll
C:\Program Files\dotnet\sdk\5.0.302\Extensions\Microsoft.TestPlatform.TestHostRuntimeProvider.dll
C:\Program Files\dotnet\sdk\5.0.302\Extensions\Microsoft.VisualStudio.TestPlatform.Extensions.Html.TestLogger.dll
C:\Program Files\dotnet\sdk\5.0.302\Extensions\Microsoft.VisualStudio.TestPlatform.Extensions.Trx.TestLogger.dll
TpTrace Verbose: 0 : 4036, 1, 2021/08/12, 09:25:23.598, 11812593068883, vstest.console.dll, TestPluginCache.GetExtensionPaths: Added unfilterableExtensionPaths: 
TpTrace Information: 0 : 4036, 1, 2021/08/12, 09:25:23.598, 11812593069982, vstest.console.dll, AssemblyResolver.AddSearchDirectories: Adding more searchDirectories C:\Program Files\dotnet\sdk\5.0.302\Extensions,C:\Program Files\dotnet\sdk\5.0.302
TpTrace Verbose: 0 : 4036, 1, 2021/08/12, 09:25:23.598, 11812593070327, vstest.console.dll, TestPluginCache.DiscoverTestExtensions: Discovering the extensions using extension path.
TpTrace Verbose: 0 : 4036, 1, 2021/08/12, 09:25:23.598, 11812593070583, vstest.console.dll, TestPluginCache.GetExtensionPaths: Filtered extension paths: 
TpTrace Verbose: 0 : 4036, 1, 2021/08/12, 09:25:23.598, 11812593070861, vstest.console.dll, TestPluginCache.GetExtensionPaths: Added default extension paths: C:\Program Files\dotnet\sdk\5.0.302\Extensions\Microsoft.Diagnostics.NETCore.Client.dll
C:\Program Files\dotnet\sdk\5.0.302\Extensions\Microsoft.TestPlatform.Extensions.BlameDataCollector.dll
C:\Program Files\dotnet\sdk\5.0.302\Extensions\Microsoft.TestPlatform.Extensions.EventLogCollector.dll
C:\Program Files\dotnet\sdk\5.0.302\Extensions\Microsoft.TestPlatform.TestHostRuntimeProvider.dll
C:\Program Files\dotnet\sdk\5.0.302\Extensions\Microsoft.VisualStudio.TestPlatform.Extensions.Html.TestLogger.dll
C:\Program Files\dotnet\sdk\5.0.302\Extensions\Microsoft.VisualStudio.TestPlatform.Extensions.Trx.TestLogger.dll
TpTrace Verbose: 0 : 4036, 1, 2021/08/12, 09:25:23.598, 11812593071087, vstest.console.dll, TestPluginCache.GetExtensionPaths: Added unfilterableExtensionPaths: 
TpTrace Verbose: 0 : 4036, 1, 2021/08/12, 09:25:23.598, 11812593071350, vstest.console.dll, TestPluginCache.DiscoverTestExtensions: Discovering the extensions using allExtensionPaths: C:\Program Files\dotnet\sdk\5.0.302\Extensions\Microsoft.Diagnostics.NETCore.Client.dll
C:\Program Files\dotnet\sdk\5.0.302\Extensions\Microsoft.TestPlatform.Extensions.BlameDataCollector.dll
C:\Program Files\dotnet\sdk\5.0.302\Extensions\Microsoft.TestPlatform.Extensions.EventLogCollector.dll
C:\Program Files\dotnet\sdk\5.0.302\Extensions\Microsoft.TestPlatform.TestHostRuntimeProvider.dll
C:\Program Files\dotnet\sdk\5.0.302\Extensions\Microsoft.VisualStudio.TestPlatform.Extensions.Html.TestLogger.dll
C:\Program Files\dotnet\sdk\5.0.302\Extensions\Microsoft.VisualStudio.TestPlatform.Extensions.Trx.TestLogger.dll
TpTrace Information: 0 : 4036, 1, 2021/08/12, 09:25:23.598, 11812593071662, vstest.console.dll, AssemblyResolver.AddSearchDirectories: Adding more searchDirectories C:\Program Files\dotnet\sdk\5.0.302\Extensions,C:\Program Files\dotnet\sdk\5.0.302
TpTrace Information: 0 : 4036, 1, 2021/08/12, 09:25:23.598, 11812593071950, vstest.console.dll, AssemblyResolver.AddSearchDirectories: Adding more searchDirectories C:\Program Files\dotnet\sdk\5.0.302\Extensions,C:\Program Files\dotnet\sdk\5.0.302
TpTrace Information: 0 : 4036, 1, 2021/08/12, 09:25:23.598, 11812593072175, vstest.console.dll, AssemblyResolver.AddSearchDirectories: Adding more searchDirectories C:\Program Files\dotnet\sdk\5.0.302\Extensions,C:\Program Files\dotnet\sdk\5.0.302
TpTrace Information: 0 : 4036, 1, 2021/08/12, 09:25:23.598, 11812593072396, vstest.console.dll, AssemblyResolver.AddSearchDirectories: Adding more searchDirectories C:\Program Files\dotnet\sdk\5.0.302\Extensions,C:\Program Files\dotnet\sdk\5.0.302
TpTrace Information: 0 : 4036, 1, 2021/08/12, 09:25:23.599, 11812593072652, vstest.console.dll, AssemblyResolver.AddSearchDirectories: Adding more searchDirectories C:\Program Files\dotnet\sdk\5.0.302\Extensions,C:\Program Files\dotnet\sdk\5.0.302
TpTrace Information: 0 : 4036, 1, 2021/08/12, 09:25:23.599, 11812593072874, vstest.console.dll, AssemblyResolver.AddSearchDirectories: Adding more searchDirectories C:\Program Files\dotnet\sdk\5.0.302\Extensions,C:\Program Files\dotnet\sdk\5.0.302
TpTrace Information: 0 : 4036, 1, 2021/08/12, 09:25:23.599, 11812593074484, vstest.console.dll, AssemblyResolver.OnResolve: Microsoft.Bcl.AsyncInterfaces: Resolving assembly.
TpTrace Information: 0 : 4036, 1, 2021/08/12, 09:25:23.599, 11812593074818, vstest.console.dll, AssemblyResolver.OnResolve: Microsoft.Bcl.AsyncInterfaces: Resolved from cache.
TpTrace Verbose: 0 : 4036, 1, 2021/08/12, 09:25:23.599, 11812593075066, vstest.console.dll, CurrentDomainAssemblyResolve: Resolving assembly 'Microsoft.Bcl.AsyncInterfaces'.
TpTrace Information: 0 : 4036, 1, 2021/08/12, 09:25:23.599, 11812593075458, vstest.console.dll, AssemblyResolver.OnResolve: Microsoft.Bcl.AsyncInterfaces: Resolving assembly.
TpTrace Information: 0 : 4036, 1, 2021/08/12, 09:25:23.599, 11812593075707, vstest.console.dll, AssemblyResolver.OnResolve: Microsoft.Bcl.AsyncInterfaces: Resolved from cache.
TpTrace Verbose: 0 : 4036, 1, 2021/08/12, 09:25:23.599, 11812593075950, vstest.console.dll, CurrentDomainAssemblyResolve: Resolving assembly 'Microsoft.Bcl.AsyncInterfaces'.
TpTrace Verbose: 0 : 4036, 1, 2021/08/12, 09:25:23.599, 11812593076158, vstest.console.dll, CurrentDomainAssemblyResolve: Failed to resolve assembly 'Microsoft.Bcl.AsyncInterfaces'.
TpTrace Verbose: 0 : 4036, 1, 2021/08/12, 09:25:23.599, 11812593077169, vstest.console.dll, CurrentDomainAssemblyResolve: Failed to resolve assembly 'Microsoft.Bcl.AsyncInterfaces'.
TpTrace Warning: 0 : 4036, 1, 2021/08/12, 09:25:23.599, 11812593079105, vstest.console.dll, TestPluginDiscoverer: Failed to get types from assembly 'Microsoft.Diagnostics.NETCore.Client, Version=0.2.2.41902, Culture=neutral, PublicKeyToken=31bf3856ad364e35'.  Skipping test extension scan for this assembly.  Error: System.Reflection.ReflectionTypeLoadException: Unable to load one or more of the requested types.
Could not load file or assembly 'Microsoft.Bcl.AsyncInterfaces, Version=1.0.0.0, Culture=neutral, PublicKeyToken=cc7b13ffcd2ddd51'. The system cannot find the file specified.
   at System.Reflection.RuntimeModule.GetTypes(RuntimeModule module)
   at System.Reflection.RuntimeModule.GetTypes()
   at System.Reflection.Assembly.GetTypes()
   at Microsoft.VisualStudio.TestPlatform.Common.ExtensionFramework.TestPluginDiscoverer.GetTestExtensionsFromAssembly[TPluginInfo,TExtension](Assembly assembly, Dictionary`2 pluginInfos)
System.IO.FileNotFoundException: Could not load file or assembly 'Microsoft.Bcl.AsyncInterfaces, Version=1.0.0.0, Culture=neutral, PublicKeyToken=cc7b13ffcd2ddd51'. The system cannot find the file specified.
File name: 'Microsoft.Bcl.AsyncInterfaces, Version=1.0.0.0, Culture=neutral, PublicKeyToken=cc7b13ffcd2ddd51'
TpTrace Warning: 0 : 4036, 1, 2021/08/12, 09:25:23.599, 11812593079498, vstest.console.dll, LoaderExceptions: System.IO.FileNotFoundException: Could not load file or assembly 'Microsoft.Bcl.AsyncInterfaces, Version=1.0.0.0, Culture=neutral, PublicKeyToken=cc7b13ffcd2ddd51'. The system cannot find the file specified.
File name: 'Microsoft.Bcl.AsyncInterfaces, Version=1.0.0.0, Culture=neutral, PublicKeyToken=cc7b13ffcd2ddd51'
TpTrace Verbose: 0 : 4036, 1, 2021/08/12, 09:25:23.599, 11812593082059, vstest.console.dll, TestPluginCache: Discovered the extensions using extension path ''.
TpTrace Verbose: 0 : 4036, 1, 2021/08/12, 09:25:23.599, 11812593082376, vstest.console.dll, TestPluginCache: Discoverers are ''.
TpTrace Verbose: 0 : 4036, 1, 2021/08/12, 09:25:23.600, 11812593082574, vstest.console.dll, TestPluginCache: Executors are ''.
TpTrace Verbose: 0 : 4036, 1, 2021/08/12, 09:25:23.600, 11812593082795, vstest.console.dll, TestPluginCache: Executors2 are ''.
TpTrace Verbose: 0 : 4036, 1, 2021/08/12, 09:25:23.600, 11812593082984, vstest.console.dll, TestPluginCache: Setting providers are ''.
TpTrace Verbose: 0 : 4036, 1, 2021/08/12, 09:25:23.600, 11812593083441, vstest.console.dll, TestPluginCache: Loggers are 'logger://Microsoft/TestPlatform/Extensions/Blame/v1,logger://Microsoft/TestPlatform/HtmlLogger/v1,logger://Microsoft/TestPlatform/TrxLogger/v1'.
TpTrace Information: 0 : 4036, 1, 2021/08/12, 09:25:23.600, 11812593087617, vstest.console.dll, TestPluginManager.CreateTestExtension: Attempting to load test extension: Microsoft.TestPlatform.Extensions.BlameDataCollector.BlameLogger
TpTrace Information: 0 : 4036, 1, 2021/08/12, 09:25:23.606, 11812593150048, vstest.console.dll, TestPluginManager.CreateTestExtension: Attempting to load test extension: Microsoft.VisualStudio.TestPlatform.CrossPlatEngine.Hosting.DefaultTestHostManager
TpTrace Information: 0 : 4036, 1, 2021/08/12, 09:25:23.606, 11812593151804, vstest.console.dll, TestPluginManager.CreateTestExtension: Attempting to load test extension: Microsoft.VisualStudio.TestPlatform.CrossPlatEngine.Hosting.DotnetTestHostManager
TpTrace Verbose: 0 : 4036, 1, 2021/08/12, 09:25:23.607, 11812593155874, vstest.console.dll, TestEngine: Initializing Parallel Execution as MaxCpuCount is set to: 1
TpTrace Information: 0 : 4036, 1, 2021/08/12, 09:25:23.607, 11812593159422, vstest.console.dll, InferRunSettingsHelper.IsTestSettingsEnabled: Unable to navigate to RunSettings/MSTest. Current node: RunSettings
TpTrace Verbose: 0 : 4036, 1, 2021/08/12, 09:25:23.616, 11812593251766, vstest.console.dll, TestRequestSender is acting as server
TpTrace Verbose: 0 : 4036, 4, 2021/08/12, 09:25:23.619, 11812593274013, vstest.console.dll, DataCollectionRequestSender.InitializeCommunication : Initialize communication. 
TpTrace Information: 0 : 4036, 4, 2021/08/12, 09:25:23.629, 11812593375603, vstest.console.dll, Listening on Endpoint : 127.0.0.1:63089
TpTrace Verbose: 0 : 4036, 4, 2021/08/12, 09:25:23.637, 11812593453295, vstest.console.dll, DotnetDataCollectionLauncher: Full path of dotnet.exe is C:\Program Files\dotnet\dotnet.exe
TpTrace Verbose: 0 : 4036, 4, 2021/08/12, 09:25:23.637, 11812593454490, vstest.console.dll, DotnetDataCollectionLauncher: Adding  --runtimeconfig "C:\Program Files\dotnet\sdk\5.0.302\datacollector.runtimeconfig.json" in args
TpTrace Verbose: 0 : 4036, 4, 2021/08/12, 09:25:23.637, 11812593455212, vstest.console.dll, DotnetDataCollectionLauncher: Adding  --depsfile "C:\Program Files\dotnet\sdk\5.0.302\datacollector.deps.json" in args
TpTrace Information: 0 : 4036, 4, 2021/08/12, 09:25:23.643, 11812593518710, vstest.console.dll, ProxyDataCollectionManager.Initialize: Launched datacollector processId: 17072 port: 63089
TpTrace Information: 0 : 4036, 4, 2021/08/12, 09:25:23.643, 11812593519603, vstest.console.dll, ProxyDataCollectionManager.Initialize: waiting for connection with timeout: 90 seconds
TpTrace Verbose: 0 : 4036, 4, 2021/08/12, 09:25:23.643, 11812593520288, vstest.console.dll, DataCollectionRequestSender.WaitForRequestHandlerConnection : Waiting for connection with timeout: 90000
TpTrace Information: 0 : 4036, 7, 2021/08/12, 09:25:23.769, 11812594774843, vstest.console.dll, Using the buffer size of 16384 bytes
TpTrace Verbose: 0 : 4036, 4, 2021/08/12, 09:25:23.769, 11812594775294, vstest.console.dll, ProxyDataCollectionManager.InvokeDataCollectionServiceAction: Starting.
TpTrace Information: 0 : 4036, 7, 2021/08/12, 09:25:23.769, 11812594775562, vstest.console.dll, Accepted Client request and set the flag
TpTrace Information: 0 : 4036, 4, 2021/08/12, 09:25:23.769, 11812594776571, vstest.console.dll, ProxyDataCollectionManager.BeforeTestRunStart: Get environment variable and port for datacollector processId: 17072 port: 63089
TpTrace Verbose: 0 : 4036, 4, 2021/08/12, 09:25:23.769, 11812594777816, vstest.console.dll, DataCollectionRequestSender.SendBeforeTestRunStartAndGetResult : Send BeforeTestRunStart message with settingsXml <RunSettings><RunConfiguration><ResultsDirectory>C:\Users\matt.hudson\source\repos\TicTacTotallyAwesome\TicTacTotallyAwesome.Test\bin\Debug\netcoreapp3.1\fine-code-coverage\coverage-tool-output</ResultsDirectory><TargetPlatform>X64</TargetPlatform><TargetFrameworkVersion>.NETCoreApp,Version=v3.1</TargetFrameworkVersion><DesignMode>False</DesignMode><CollectSourceInformation>False</CollectSourceInformation><TestAdaptersPaths>C:\Program Files\dotnet\sdk\5.0.302\Extensions</TestAdaptersPaths></RunConfiguration><LoggerRunSettings><Loggers><Logger friendlyName="blame" enabled="True" /><Logger friendlyName="Console" uri="logger://microsoft/TestPlatform/ConsoleLogger/v1" assemblyQualifiedName="Microsoft.VisualStudio.TestPlatform.CommandLine.Internal.ConsoleLogger, vstest.console, Version=15.0.0.0, Culture=neutral, PublicKeyToken=b03f5f7f11d50a3a" codeBase="C:\Program Files\dotnet\sdk\5.0.302\vstest.console.dll" enabled="True" /></Loggers></LoggerRunSettings><DataCollectionRunSettings><DataCollectors><DataCollector friendlyName="blame" enabled="True"><Configuration><ResultsDirectory>C:\Users\matt.hudson\source\repos\TicTacTotallyAwesome\TicTacTotallyAwesome.Test\bin\Debug\netcoreapp3.1\fine-code-coverage\coverage-tool-output</ResultsDirectory></Configuration></DataCollector></DataCollectors></DataCollectionRunSettings></RunSettings> and sources System.Linq.Enumerable+Concat2Iterator`1[System.String]: 
TpTrace Verbose: 0 : 4036, 4, 2021/08/12, 09:25:23.819, 11812595280218, vstest.console.dll, DataCollectionRequestSender.SendBeforeTestRunStartAndGetResult : Received message: (DataCollection.SendMessage) -> {
  "FriendlyName": null,
  "Uri": null,
  "TestCaseId": "00000000-0000-0000-0000-000000000000",
  "Message": "Logging DataCollector Diagnostics in file: C:\\Users\\matt.hudson\\source\\repos\\TicTacTotallyAwesome\\TicTacTotallyAwesome.Test\\bin\\Debug\\netcoreapp3.1\\fine-code-coverage\\coverage-tool-output\\diagnostics.datacollector.21-08-12_09-25-23_63390_4.log",
  "Level": 0
}
TpTrace Verbose: 0 : 4036, 4, 2021/08/12, 09:25:23.863, 11812595715253, vstest.console.dll, DataCollectionRequestSender.SendBeforeTestRunStartAndGetResult : Received message: (DataCollection.BeforeTestRunStartResult) -> {
  "EnvironmentVariables": {},
  "DataCollectionEventsPort": 63091
}
TpTrace Information: 0 : 4036, 4, 2021/08/12, 09:25:23.865, 11812595742092, vstest.console.dll, ProxyDataCollectionManager.BeforeTestRunStart: SendBeforeTestRunStartAndGetResult successful, env variable from datacollector:   and testhost port: 63091
TpTrace Information: 0 : 4036, 4, 2021/08/12, 09:25:23.865, 11812595742693, vstest.console.dll, ProxyDataCollectionManager.InvokeDataCollectionServiceAction: Completed.
TpTrace Verbose: 0 : 4036, 1, 2021/08/12, 09:25:23.866, 11812595743535, vstest.console.dll, TestRunRequest.ExecuteAsync: Creating test run request.
TpTrace Verbose: 0 : 4036, 1, 2021/08/12, 09:25:23.866, 11812595745256, vstest.console.dll, TestRunRequest.ExecuteAsync: Starting.
TpTrace Information: 0 : 4036, 1, 2021/08/12, 09:25:23.866, 11812595747002, vstest.console.dll, TestRunRequest.ExecuteAsync: Starting run with settings:TestRunCriteria:
   KeepAlive=False,FrequencyOfRunStatsChangeEvent=10,RunStatsChangeEventTimeout=00:00:01.5000000,TestCaseFilter=,TestExecutorLauncher=
   Settingsxml=<RunSettings>
  <RunConfiguration>
    <ResultsDirectory>C:\Users\matt.hudson\source\repos\TicTacTotallyAwesome\TicTacTotallyAwesome.Test\bin\Debug\netcoreapp3.1\fine-code-coverage\coverage-tool-output</ResultsDirectory>
    <TargetPlatform>X64</TargetPlatform>
    <TargetFrameworkVersion>.NETCoreApp,Version=v3.1</TargetFrameworkVersion>
    <DesignMode>False</DesignMode>
    <CollectSourceInformation>False</CollectSourceInformation>
  </RunConfiguration>
  <LoggerRunSettings>
    <Loggers>
      <Logger friendlyName="blame" enabled="True" />
      <Logger friendlyName="Console" uri="logger://microsoft/TestPlatform/ConsoleLogger/v1" assemblyQualifiedName="Microsoft.VisualStudio.TestPlatform.CommandLine.Internal.ConsoleLogger, vstest.console, Version=15.0.0.0, Culture=neutral, PublicKeyToken=b03f5f7f11d50a3a" codeBase="C:\Program Files\dotnet\sdk\5.0.302\vstest.console.dll" enabled="True" />
    </Loggers>
  </LoggerRunSettings>
  <DataCollectionRunSettings>
    <DataCollectors>
      <DataCollector friendlyName="blame" enabled="True">
        <Configuration>
          <ResultsDirectory>C:\Users\matt.hudson\source\repos\TicTacTotallyAwesome\TicTacTotallyAwesome.Test\bin\Debug\netcoreapp3.1\fine-code-coverage\coverage-tool-output</ResultsDirectory>
        </Configuration>
      </DataCollector>
    </DataCollectors>
  </DataCollectionRunSettings>
</RunSettings>

TpTrace Verbose: 0 : 4036, 1, 2021/08/12, 09:25:23.866, 11812595747378, vstest.console.dll, TestRunRequest.ExecuteAsync: Wait for the first run request is over.
TpTrace Verbose: 0 : 4036, 1, 2021/08/12, 09:25:23.866, 11812595750037, vstest.console.dll, ParallelProxyExecutionManager: Start execution. Total sources: 1
TpTrace Information: 0 : 4036, 1, 2021/08/12, 09:25:23.867, 11812595754385, vstest.console.dll, ProxyParallelExecutionManager: Triggering test run for next source: C:\Users\matt.hudson\source\repos\TicTacTotallyAwesome\TicTacTotallyAwesome.Test\bin\Debug\netcoreapp3.1\fine-code-coverage\build-output\TicTacTotallyAwesome.Test.dll
TpTrace Verbose: 0 : 4036, 1, 2021/08/12, 09:25:23.867, 11812595756064, vstest.console.dll, ProxyParallelExecutionManager: No sources available for execution.
TpTrace Verbose: 0 : 4036, 6, 2021/08/12, 09:25:23.867, 11812595756087, vstest.console.dll, ParallelProxyExecutionManager: Execution started. Started clients: 1
TpTrace Information: 0 : 4036, 1, 2021/08/12, 09:25:23.867, 11812595756464, vstest.console.dll, TestRunRequest.ExecuteAsync: Started.
TpTrace Verbose: 0 : 4036, 1, 2021/08/12, 09:25:23.867, 11812595757356, vstest.console.dll, TestRunRequest.WaitForCompletion: Waiting with timeout -1.
TpTrace Verbose: 0 : 4036, 6, 2021/08/12, 09:25:23.867, 11812595758244, vstest.console.dll, TestRunRequest:SendTestRunMessage: Starting.
TpTrace Information: 0 : 4036, 6, 2021/08/12, 09:25:23.867, 11812595758950, vstest.console.dll, TestRunRequest:SendTestRunMessage: Completed.
TpTrace Verbose: 0 : 4036, 6, 2021/08/12, 09:25:23.867, 11812595760295, vstest.console.dll, ProxyExecutionManager: Test host is always Lazy initialize.
TpTrace Verbose: 0 : 4036, 6, 2021/08/12, 09:25:23.867, 11812595761843, vstest.console.dll, TestRequestSender.InitializeCommunication: initialize communication. 
TpTrace Information: 0 : 4036, 6, 2021/08/12, 09:25:23.868, 11812595766148, vstest.console.dll, SocketServer.Start: Listening on endpoint : 127.0.0.1:63092
TpTrace Verbose: 0 : 4036, 6, 2021/08/12, 09:25:23.868, 11812595770584, vstest.console.dll, DotnetTestHostmanager: Adding  --runtimeconfig "C:\Users\matt.hudson\source\repos\TicTacTotallyAwesome\TicTacTotallyAwesome.Test\bin\Debug\netcoreapp3.1\fine-code-coverage\build-output\TicTacTotallyAwesome.Test.runtimeconfig.json" in args
TpTrace Verbose: 0 : 4036, 6, 2021/08/12, 09:25:23.868, 11812595771409, vstest.console.dll, DotnetTestHostmanager: Adding  --depsfile "C:\Users\matt.hudson\source\repos\TicTacTotallyAwesome\TicTacTotallyAwesome.Test\bin\Debug\netcoreapp3.1\fine-code-coverage\build-output\TicTacTotallyAwesome.Test.deps.json" in args
TpTrace Information: 0 : 4036, 6, 2021/08/12, 09:25:23.869, 11812595773285, vstest.console.dll, AssemblyResolver.OnResolve: Microsoft.Extensions.DependencyModel: Resolving assembly.
TpTrace Information: 0 : 4036, 6, 2021/08/12, 09:25:23.869, 11812595773692, vstest.console.dll, AssemblyResolver.OnResolve: Microsoft.Extensions.DependencyModel: Searching in: 'C:\Program Files\dotnet\sdk\5.0.302\Extensions'.
TpTrace Information: 0 : 4036, 6, 2021/08/12, 09:25:23.869, 11812595774271, vstest.console.dll, AssemblyResolver.OnResolve: Microsoft.Extensions.DependencyModel: Assembly path does not exist: 'C:\Program Files\dotnet\sdk\5.0.302\Extensions\Microsoft.Extensions.DependencyModel.dll', returning.
TpTrace Information: 0 : 4036, 6, 2021/08/12, 09:25:23.869, 11812595774836, vstest.console.dll, AssemblyResolver.OnResolve: Microsoft.Extensions.DependencyModel: Assembly path does not exist: 'C:\Program Files\dotnet\sdk\5.0.302\Extensions\Microsoft.Extensions.DependencyModel.exe', returning.
TpTrace Information: 0 : 4036, 6, 2021/08/12, 09:25:23.869, 11812595775072, vstest.console.dll, AssemblyResolver.OnResolve: Microsoft.Extensions.DependencyModel: Searching in: 'C:\Program Files\dotnet\sdk\5.0.302'.
TpTrace Information: 0 : 4036, 6, 2021/08/12, 09:25:23.869, 11812595777148, vstest.console.dll, AssemblyResolver.OnResolve: Microsoft.Extensions.DependencyModel: Loading assembly 'C:\Program Files\dotnet\sdk\5.0.302\Microsoft.Extensions.DependencyModel.dll'.
TpTrace Information: 0 : 4036, 6, 2021/08/12, 09:25:23.870, 11812595782927, vstest.console.dll, AssemblyResolver.OnResolve: Resolved assembly: Microsoft.Extensions.DependencyModel, from path: C:\Program Files\dotnet\sdk\5.0.302\Microsoft.Extensions.DependencyModel.dll
TpTrace Verbose: 0 : 4036, 6, 2021/08/12, 09:25:23.870, 11812595785059, vstest.console.dll, DotnetTestHostmanager: Reading file C:\Users\matt.hudson\source\repos\TicTacTotallyAwesome\TicTacTotallyAwesome.Test\bin\Debug\netcoreapp3.1\fine-code-coverage\build-output\TicTacTotallyAwesome.Test.deps.json to get path of testhost.dll
TpTrace Verbose: 0 : 4036, 6, 2021/08/12, 09:25:23.887, 11812595958242, vstest.console.dll, DotnetTestHostmanager: Relative path of testhost.dll with respect to package folder is microsoft.testplatform.testhost/16.5.0\lib/netcoreapp2.1/testhost.dll
TpTrace Verbose: 0 : 4036, 6, 2021/08/12, 09:25:23.888, 11812595964131, vstest.console.dll, DotnetTestHostmanager: Looking for path microsoft.testplatform.testhost/16.5.0\lib/netcoreapp2.1/testhost.dll in folder C:\Users\matt.hudson\.dotnet\store\|arch|\|tfm|
TpTrace Verbose: 0 : 4036, 6, 2021/08/12, 09:25:23.888, 11812595965145, vstest.console.dll, DotnetTestHostmanager: Looking for path microsoft.testplatform.testhost/16.5.0\lib/netcoreapp2.1/testhost.dll in folder C:\Users\matt.hudson\.nuget\packages
TpTrace Verbose: 0 : 4036, 6, 2021/08/12, 09:25:23.888, 11812595966592, vstest.console.dll, DotnetTestHostManager: Testhost.exe/testhost.x86.exe found at path: C:\Users\matt.hudson\.nuget\packages\microsoft.testplatform.testhost\16.5.0\build\netcoreapp2.1\x64\testhost.exe
TpTrace Verbose: 0 : 4036, 6, 2021/08/12, 09:25:23.888, 11812595966935, vstest.console.dll, DotnetTestHostmanager: Full path of host exe is C:\Users\matt.hudson\.nuget\packages\microsoft.testplatform.testhost\16.5.0\build\netcoreapp2.1\x64\testhost.exe
TpTrace Verbose: 0 : 4036, 4, 2021/08/12, 09:25:23.889, 11812595973128, vstest.console.dll, DotnetTestHostManager: Starting process 'C:\Users\matt.hudson\.nuget\packages\microsoft.testplatform.testhost\16.5.0\build\netcoreapp2.1\x64\testhost.exe' with command line ' --runtimeconfig "C:\Users\matt.hudson\source\repos\TicTacTotallyAwesome\TicTacTotallyAwesome.Test\bin\Debug\netcoreapp3.1\fine-code-coverage\build-output\TicTacTotallyAwesome.Test.runtimeconfig.json" --depsfile "C:\Users\matt.hudson\source\repos\TicTacTotallyAwesome\TicTacTotallyAwesome.Test\bin\Debug\netcoreapp3.1\fine-code-coverage\build-output\TicTacTotallyAwesome.Test.deps.json" --port 63092 --endpoint 127.0.0.1:063092 --role client --parentprocessid 4036 --diag "C:\Users\matt.hudson\source\repos\TicTacTotallyAwesome\TicTacTotallyAwesome.Test\bin\Debug\netcoreapp3.1\fine-code-coverage\coverage-tool-output\diagnostics.host.21-08-12_09-25-23_86854_6.log" --tracelevel 4 --datacollectionport 63091 --telemetryoptedin false'
TpTrace Verbose: 0 : 4036, 4, 2021/08/12, 09:25:23.892, 11812596011061, vstest.console.dll, Test Runtime launched
TpTrace Verbose: 0 : 4036, 6, 2021/08/12, 09:25:23.893, 11812596015593, vstest.console.dll, TestRequestSender.WaitForRequestHandlerConnection: waiting for connection with timeout: 90000
TpTrace Verbose: 0 : 4036, 14, 2021/08/12, 09:25:24.029, 11812597374877, vstest.console.dll, SocketServer.OnClientConnected: Client connected for endPoint: 127.0.0.1:63092, starting MessageLoopAsync:
TpTrace Verbose: 0 : 4036, 14, 2021/08/12, 09:25:24.029, 11812597376825, vstest.console.dll, TcpClientExtensions.MessageLoopAsync: Polling on remoteEndPoint: 127.0.0.1:63093 localEndPoint: 127.0.0.1:63092
TpTrace Verbose: 0 : 4036, 14, 2021/08/12, 09:25:24.135, 11812598433238, vstest.console.dll, TcpClientExtensions.MessageLoopAsync: NotifyDataAvailable remoteEndPoint: 127.0.0.1:63093 localEndPoint: 127.0.0.1:63092
TpTrace Verbose: 0 : 4036, 14, 2021/08/12, 09:25:24.135, 11812598435508, vstest.console.dll, TestRequestSender.CheckVersionWithTestHost: onMessageReceived received message: (ProtocolVersion) -> 2
TpTrace Verbose: 0 : 4036, 14, 2021/08/12, 09:25:24.135, 11812598438478, vstest.console.dll, TcpClientExtensions.MessageLoopAsync: Polling on remoteEndPoint: 127.0.0.1:63093 localEndPoint: 127.0.0.1:63092
TpTrace Verbose: 0 : 4036, 6, 2021/08/12, 09:25:24.135, 11812598439491, vstest.console.dll, TestPluginCache.GetExtensionPaths: Filtered extension paths: 
TpTrace Verbose: 0 : 4036, 6, 2021/08/12, 09:25:24.135, 11812598440046, vstest.console.dll, TestPluginCache.GetExtensionPaths: Added default extension paths: C:\Program Files\dotnet\sdk\5.0.302\Extensions\Microsoft.Diagnostics.NETCore.Client.dll
C:\Program Files\dotnet\sdk\5.0.302\Extensions\Microsoft.TestPlatform.Extensions.BlameDataCollector.dll
C:\Program Files\dotnet\sdk\5.0.302\Extensions\Microsoft.TestPlatform.Extensions.EventLogCollector.dll
C:\Program Files\dotnet\sdk\5.0.302\Extensions\Microsoft.TestPlatform.TestHostRuntimeProvider.dll
C:\Program Files\dotnet\sdk\5.0.302\Extensions\Microsoft.VisualStudio.TestPlatform.Extensions.Html.TestLogger.dll
C:\Program Files\dotnet\sdk\5.0.302\Extensions\Microsoft.VisualStudio.TestPlatform.Extensions.Trx.TestLogger.dll
TpTrace Verbose: 0 : 4036, 6, 2021/08/12, 09:25:24.135, 11812598440808, vstest.console.dll, TestPluginCache.GetExtensionPaths: Added unfilterableExtensionPaths: 
TpTrace Verbose: 0 : 4036, 6, 2021/08/12, 09:25:24.138, 11812598463309, vstest.console.dll, TestRequestSender.InitializeExecution: Sending initializing execution with message: {"Version":2,"MessageType":"TestExecution.Initialize","Payload":["C:\\Users\\matt.hudson\\source\\repos\\TicTacTotallyAwesome\\TicTacTotallyAwesome.Test\\bin\\Debug\\netcoreapp3.1\\fine-code-coverage\\build-output\\xunit.runner.visualstudio.dotnetcore.testadapter.dll"]}
TpTrace Verbose: 0 : 4036, 14, 2021/08/12, 09:25:24.143, 11812598514907, vstest.console.dll, TcpClientExtensions.MessageLoopAsync: NotifyDataAvailable remoteEndPoint: 127.0.0.1:63093 localEndPoint: 127.0.0.1:63092
TpTrace Verbose: 0 : 4036, 14, 2021/08/12, 09:25:24.143, 11812598515836, vstest.console.dll, TestRequestSender.OnExecutionMessageReceived: Received message: {"Version":2,"MessageType":"TestSession.Message","Payload":{"MessageLevel":0,"Message":"Logging TestHost Diagnostics in file: C:\\Users\\matt.hudson\\source\\repos\\TicTacTotallyAwesome\\TicTacTotallyAwesome.Test\\bin\\Debug\\netcoreapp3.1\\fine-code-coverage\\coverage-tool-output\\diagnostics.host.21-08-12_09-25-23_86854_6.log"}}
TpTrace Verbose: 0 : 4036, 6, 2021/08/12, 09:25:24.143, 11812598517598, vstest.console.dll, TestRequestSender.StartTestRun: Sending test run with message: {"Version":2,"MessageType":"TestExecution.StartWithSources","Payload":{"AdapterSourceMap":{"_none_":["C:\\Users\\matt.hudson\\source\\repos\\TicTacTotallyAwesome\\TicTacTotallyAwesome.Test\\bin\\Debug\\netcoreapp3.1\\fine-code-coverage\\build-output\\TicTacTotallyAwesome.Test.dll"]},"RunSettings":"<RunSettings>\r\n  <RunConfiguration>\r\n    <ResultsDirectory>C:\\Users\\matt.hudson\\source\\repos\\TicTacTotallyAwesome\\TicTacTotallyAwesome.Test\\bin\\Debug\\netcoreapp3.1\\fine-code-coverage\\coverage-tool-output</ResultsDirectory>\r\n    <TargetPlatform>X64</TargetPlatform>\r\n    <TargetFrameworkVersion>.NETCoreApp,Version=v3.1</TargetFrameworkVersion>\r\n    <DesignMode>False</DesignMode>\r\n    <CollectSourceInformation>False</CollectSourceInformation>\r\n  </RunConfiguration>\r\n  <LoggerRunSettings>\r\n    <Loggers>\r\n      <Logger friendlyName=\"blame\" enabled=\"True\" />\r\n      <Logger friendlyName=\"Console\" uri=\"logger://microsoft/TestPlatform/ConsoleLogger/v1\" assemblyQualifiedName=\"Microsoft.VisualStudio.TestPlatform.CommandLine.Internal.ConsoleLogger, vstest.console, Version=15.0.0.0, Culture=neutral, PublicKeyToken=b03f5f7f11d50a3a\" codeBase=\"C:\\Program Files\\dotnet\\sdk\\5.0.302\\vstest.console.dll\" enabled=\"True\" />\r\n    </Loggers>\r\n  </LoggerRunSettings>\r\n  <DataCollectionRunSettings>\r\n    <DataCollectors>\r\n      <DataCollector friendlyName=\"blame\" enabled=\"True\">\r\n        <Configuration>\r\n          <ResultsDirectory>C:\\Users\\matt.hudson\\source\\repos\\TicTacTotallyAwesome\\TicTacTotallyAwesome.Test\\bin\\Debug\\netcoreapp3.1\\fine-code-coverage\\coverage-tool-output</ResultsDirectory>\r\n        </Configuration>\r\n      </DataCollector>\r\n    </DataCollectors>\r\n  </DataCollectionRunSettings>\r\n</RunSettings>","TestExecutionContext":{"FrequencyOfRunStatsChangeEvent":10,"RunStatsChangeEventTimeout":"00:00:01.5000000","InIsolation":false,"KeepAlive":false,"AreTestCaseLevelEventsRequired":false,"IsDebug":false,"TestCaseFilter":null,"FilterOptions":null},"Package":null}}
TpTrace Verbose: 0 : 4036, 14, 2021/08/12, 09:25:24.144, 11812598528367, vstest.console.dll, TestRunRequest:SendTestRunMessage: Starting.
TpTrace Information: 0 : 4036, 14, 2021/08/12, 09:25:24.144, 11812598529036, vstest.console.dll, TestRunRequest:SendTestRunMessage: Completed.
TpTrace Verbose: 0 : 4036, 14, 2021/08/12, 09:25:24.144, 11812598529404, vstest.console.dll, TcpClientExtensions.MessageLoopAsync: Polling on remoteEndPoint: 127.0.0.1:63093 localEndPoint: 127.0.0.1:63092
TpTrace Verbose: 0 : 4036, 14, 2021/08/12, 09:25:24.242, 11812599511940, vstest.console.dll, TcpClientExtensions.MessageLoopAsync: NotifyDataAvailable remoteEndPoint: 127.0.0.1:63093 localEndPoint: 127.0.0.1:63092
TpTrace Verbose: 0 : 4036, 14, 2021/08/12, 09:25:24.242, 11812599513091, vstest.console.dll, TestRequestSender.OnExecutionMessageReceived: Received message: {"Version":2,"MessageType":"TestSession.Message","Payload":{"MessageLevel":0,"Message":"[xUnit.net 00:00:00.00] xUnit.net VSTest Adapter v2.4.0 (64-bit .NET Core 3.1.17)"}}
TpTrace Verbose: 0 : 4036, 14, 2021/08/12, 09:25:24.243, 11812599515004, vstest.console.dll, TestRunRequest:SendTestRunMessage: Starting.
TpTrace Information: 0 : 4036, 14, 2021/08/12, 09:25:24.243, 11812599515474, vstest.console.dll, TestRunRequest:SendTestRunMessage: Completed.
TpTrace Verbose: 0 : 4036, 14, 2021/08/12, 09:25:24.243, 11812599515745, vstest.console.dll, TcpClientExtensions.MessageLoopAsync: Polling on remoteEndPoint: 127.0.0.1:63093 localEndPoint: 127.0.0.1:63092
TpTrace Verbose: 0 : 4036, 14, 2021/08/12, 09:25:24.548, 11812602567173, vstest.console.dll, TcpClientExtensions.MessageLoopAsync: NotifyDataAvailable remoteEndPoint: 127.0.0.1:63093 localEndPoint: 127.0.0.1:63092
TpTrace Verbose: 0 : 4036, 14, 2021/08/12, 09:25:24.548, 11812602569338, vstest.console.dll, TestRequestSender.OnExecutionMessageReceived: Received message: {"Version":2,"MessageType":"TestSession.Message","Payload":{"MessageLevel":0,"Message":"[xUnit.net 00:00:00.30]   Discovering: TicTacTotallyAwesome.Test"}}
TpTrace Verbose: 0 : 4036, 14, 2021/08/12, 09:25:24.548, 11812602571172, vstest.console.dll, TestRunRequest:SendTestRunMessage: Starting.
TpTrace Information: 0 : 4036, 14, 2021/08/12, 09:25:24.548, 11812602571658, vstest.console.dll, TestRunRequest:SendTestRunMessage: Completed.
TpTrace Verbose: 0 : 4036, 14, 2021/08/12, 09:25:24.548, 11812602571942, vstest.console.dll, TcpClientExtensions.MessageLoopAsync: Polling on remoteEndPoint: 127.0.0.1:63093 localEndPoint: 127.0.0.1:63092
TpTrace Verbose: 0 : 4036, 14, 2021/08/12, 09:25:24.584, 11812602924190, vstest.console.dll, TcpClientExtensions.MessageLoopAsync: NotifyDataAvailable remoteEndPoint: 127.0.0.1:63093 localEndPoint: 127.0.0.1:63092
TpTrace Verbose: 0 : 4036, 14, 2021/08/12, 09:25:24.584, 11812602925180, vstest.console.dll, TestRequestSender.OnExecutionMessageReceived: Received message: {"Version":2,"MessageType":"TestSession.Message","Payload":{"MessageLevel":0,"Message":"[xUnit.net 00:00:00.34]   Discovered:  TicTacTotallyAwesome.Test"}}
TpTrace Verbose: 0 : 4036, 14, 2021/08/12, 09:25:24.584, 11812602926478, vstest.console.dll, TestRunRequest:SendTestRunMessage: Starting.
TpTrace Information: 0 : 4036, 14, 2021/08/12, 09:25:24.584, 11812602926911, vstest.console.dll, TestRunRequest:SendTestRunMessage: Completed.
TpTrace Verbose: 0 : 4036, 14, 2021/08/12, 09:25:24.584, 11812602927212, vstest.console.dll, TcpClientExtensions.MessageLoopAsync: Polling on remoteEndPoint: 127.0.0.1:63093 localEndPoint: 127.0.0.1:63092
TpTrace Verbose: 0 : 4036, 14, 2021/08/12, 09:25:24.585, 11812602940152, vstest.console.dll, TcpClientExtensions.MessageLoopAsync: NotifyDataAvailable remoteEndPoint: 127.0.0.1:63093 localEndPoint: 127.0.0.1:63092
TpTrace Verbose: 0 : 4036, 14, 2021/08/12, 09:25:24.585, 11812602940668, vstest.console.dll, TestRequestSender.OnExecutionMessageReceived: Received message: {"Version":2,"MessageType":"TestSession.Message","Payload":{"MessageLevel":0,"Message":"[xUnit.net 00:00:00.34]   Starting:    TicTacTotallyAwesome.Test"}}
TpTrace Verbose: 0 : 4036, 14, 2021/08/12, 09:25:24.585, 11812602942003, vstest.console.dll, TestRunRequest:SendTestRunMessage: Starting.
TpTrace Information: 0 : 4036, 14, 2021/08/12, 09:25:24.585, 11812602942426, vstest.console.dll, TestRunRequest:SendTestRunMessage: Completed.
TpTrace Verbose: 0 : 4036, 14, 2021/08/12, 09:25:24.585, 11812602942673, vstest.console.dll, TcpClientExtensions.MessageLoopAsync: Polling on remoteEndPoint: 127.0.0.1:63093 localEndPoint: 127.0.0.1:63092
TpTrace Verbose: 0 : 4036, 14, 2021/08/12, 09:25:24.684, 11812603928290, vstest.console.dll, TcpClientExtensions.MessageLoopAsync: NotifyDataAvailable remoteEndPoint: 127.0.0.1:63093 localEndPoint: 127.0.0.1:63092
TpTrace Verbose: 0 : 4036, 14, 2021/08/12, 09:25:24.684, 11812603930093, vstest.console.dll, TestRequestSender.OnExecutionMessageReceived: Received message: {"Version":2,"MessageType":"TestExecution.StatsChange","Payload":{"NewTestResults":[{"TestCase":{"Id":"6a7fe9fb-d5a8-b3cf-c799-872a3e616bec","FullyQualifiedName":"TicTacTotallyAwesome.Test.UnitTest1.AllCellsFull_NoWinner_ExpectTiedGame","DisplayName":"TicTacTotallyAwesome.Test.UnitTest1.AllCellsFull_NoWinner_ExpectTiedGame","ExecutorUri":"executor://xunit/VsTestRunner2/netcoreapp","Source":"C:\\Users\\matt.hudson\\source\\repos\\TicTacTotallyAwesome\\TicTacTotallyAwesome.Test\\bin\\Debug\\netcoreapp3.1\\fine-code-coverage\\build-output\\TicTacTotallyAwesome.Test.dll","CodeFilePath":null,"LineNumber":0,"Properties":[]},"Attachments":[],"Outcome":1,"ErrorMessage":null,"ErrorStackTrace":null,"DisplayName":"TicTacTotallyAwesome.Test.UnitTest1.AllCellsFull_NoWinner_ExpectTiedGame","Messages":[],"ComputerName":"MW-HUDSONM","Duration":"00:00:00.0060018","StartTime":"2021-08-12T14:25:24.6378924+00:00","EndTime":"2021-08-12T14:25:24.63795+00:00","Properties":[]},{"TestCase":{"Id":"5a0a7ce6-70f2-4733-9da5-6bf3f4ce792f","FullyQualifiedName":"TicTacTotallyAwesome.Test.UnitTest1.CalculateWinner_RowWinner_ExpectWinnerEvaluation","DisplayName":"TicTacTotallyAwesome.Test.UnitTest1.CalculateWinner_RowWinner_ExpectWinnerEvaluation(inputData: \"XXXXX____\")","ExecutorUri":"executor://xunit/VsTestRunner2/netcoreapp","Source":"C:\\Users\\matt.hudson\\source\\repos\\TicTacTotallyAwesome\\TicTacTotallyAwesome.Test\\bin\\Debug\\netcoreapp3.1\\fine-code-coverage\\build-output\\TicTacTotallyAwesome.Test.dll","CodeFilePath":null,"LineNumber":0,"Properties":[]},"Attachments":[],"Outcome":1,"ErrorMessage":null,"ErrorStackTrace":null,"DisplayName":"TicTacTotallyAwesome.Test.UnitTest1.CalculateWinner_RowWinner_ExpectWinnerEvaluation(inputData: \"XXXXX____\")","Messages":[],"ComputerName":"MW-HUDSONM","Duration":"00:00:00.0002308","StartTime":"2021-08-12T14:25:24.6506645+00:00","EndTime":"2021-08-12T14:25:24.6506656+00:00","Properties":[]},{"TestCase":{"Id":"6df69eba-1fe2-b500-0c6c-760385473bde","FullyQualifiedName":"TicTacTotallyAwesome.Test.UnitTest1.CalculateWinner_RowWinner_ExpectWinnerEvaluation","DisplayName":"TicTacTotallyAwesome.Test.UnitTest1.CalculateWinner_RowWinner_ExpectWinnerEvaluation(inputData: \"O__XXX__X\")","ExecutorUri":"executor://xunit/VsTestRunner2/netcoreapp","Source":"C:\\Users\\matt.hudson\\source\\repos\\TicTacTotallyAwesome\\TicTacTotallyAwesome.Test\\bin\\Debug\\netcoreapp3.1\\fine-code-coverage\\build-output\\TicTacTotallyAwesome.Test.dll","CodeFilePath":null,"LineNumber":0,"Properties":[]},"Attachments":[],"Outcome":1,"ErrorMessage":null,"ErrorStackTrace":null,"DisplayName":"TicTacTotallyAwesome.Test.UnitTest1.CalculateWinner_RowWinner_ExpectWinnerEvaluation(inputData: \"O__XXX__X\")","Messages":[],"ComputerName":"MW-HUDSONM","Duration":"00:00:00.0000195","StartTime":"2021-08-12T14:25:24.6525745+00:00","EndTime":"2021-08-12T14:25:24.6525753+00:00","Properties":[]},{"TestCase":{"Id":"6e8b3cc5-929c-90dc-2c3d-2c7d59ec5a67","FullyQualifiedName":"TicTacTotallyAwesome.Test.UnitTest1.CalculateWinner_RowWinner_ExpectWinnerEvaluation","DisplayName":"TicTacTotallyAwesome.Test.UnitTest1.CalculateWinner_RowWinner_ExpectWinnerEvaluation(inputData: \"O___X_XXX\")","ExecutorUri":"executor://xunit/VsTestRunner2/netcoreapp","Source":"C:\\Users\\matt.hudson\\source\\repos\\TicTacTotallyAwesome\\TicTacTotallyAwesome.Test\\bin\\Debug\\netcoreapp3.1\\fine-code-coverage\\build-output\\TicTacTotallyAwesome.Test.dll","CodeFilePath":null,"LineNumber":0,"Properties":[]},"Attachments":[],"Outcome":1,"ErrorMessage":null,"ErrorStackTrace":null,"DisplayName":"TicTacTotallyAwesome.Test.UnitTest1.CalculateWinner_RowWinner_ExpectWinnerEvaluation(inputData: \"O___X_XXX\")","Messages":[],"ComputerName":"MW-HUDSONM","Duration":"00:00:00.0000143","StartTime":"2021-08-12T14:25:24.654247+00:00","EndTime":"2021-08-12T14:25:24.6542478+00:00","Properties":[]},{"TestCase":{"Id":"ca4638e5-1d14-d364-db50-2ee7e566f839","FullyQualifiedName":"TicTacTotallyAwesome.Test.UnitTest1.CalculateWinner_DiagonalWinner_ExpectWinnerEvaluation","DisplayName":"TicTacTotallyAwesome.Test.UnitTest1.CalculateWinner_DiagonalWinner_ExpectWinnerEvaluation(inputData: \"X___X___X\")","ExecutorUri":"executor://xunit/VsTestRunner2/netcoreapp","Source":"C:\\Users\\matt.hudson\\source\\repos\\TicTacTotallyAwesome\\TicTacTotallyAwesome.Test\\bin\\Debug\\netcoreapp3.1\\fine-code-coverage\\build-output\\TicTacTotallyAwesome.Test.dll","CodeFilePath":null,"LineNumber":0,"Properties":[]},"Attachments":[],"Outcome":1,"ErrorMessage":null,"ErrorStackTrace":null,"DisplayName":"TicTacTotallyAwesome.Test.UnitTest1.CalculateWinner_DiagonalWinner_ExpectWinnerEvaluation(inputData: \"X___X___X\")","Messages":[],"ComputerName":"MW-HUDSONM","Duration":"00:00:00.0001248","StartTime":"2021-08-12T14:25:24.6554626+00:00","EndTime":"2021-08-12T14:25:24.6554633+00:00","Properties":[]},{"TestCase":{"Id":"86c94eeb-04c8-e35c-e6f4-a7306522ffca","FullyQualifiedName":"TicTacTotallyAwesome.Test.UnitTest1.CalculateWinner_DiagonalWinner_ExpectWinnerEvaluation","DisplayName":"TicTacTotallyAwesome.Test.UnitTest1.CalculateWinner_DiagonalWinner_ExpectWinnerEvaluation(inputData: \"__X_X_X__\")","ExecutorUri":"executor://xunit/VsTestRunner2/netcoreapp","Source":"C:\\Users\\matt.hudson\\source\\repos\\TicTacTotallyAwesome\\TicTacTotallyAwesome.Test\\bin\\Debug\\netcoreapp3.1\\fine-code-coverage\\build-output\\TicTacTotallyAwesome.Test.dll","CodeFilePath":null,"LineNumber":0,"Properties":[]},"Attachments":[],"Outcome":1,"ErrorMessage":null,"ErrorStackTrace":null,"DisplayName":"TicTacTotallyAwesome.Test.UnitTest1.CalculateWinner_DiagonalWinner_ExpectWinnerEvaluation(inputData: \"__X_X_X__\")","Messages":[],"ComputerName":"MW-HUDSONM","Duration":"00:00:00.0000147","StartTime":"2021-08-12T14:25:24.6566564+00:00","EndTime":"2021-08-12T14:25:24.6566572+00:00","Properties":[]},{"TestCase":{"Id":"140574c6-7fa0-94e6-07b9-a873e2f256bf","FullyQualifiedName":"TicTacTotallyAwesome.Test.UnitTest1.MiddleCellEmpty_ColumnWinner_ExpectWinnerEvaluation","DisplayName":"TicTacTotallyAwesome.Test.UnitTest1.MiddleCellEmpty_ColumnWinner_ExpectWinnerEvaluation","ExecutorUri":"executor://xunit/VsTestRunner2/netcoreapp","Source":"C:\\Users\\matt.hudson\\source\\repos\\TicTacTotallyAwesome\\TicTacTotallyAwesome.Test\\bin\\Debug\\netcoreapp3.1\\fine-code-coverage\\build-output\\TicTacTotallyAwesome.Test.dll","CodeFilePath":null,"LineNumber":0,"Properties":[]},"Attachments":[],"Outcome":1,"ErrorMessage":null,"ErrorStackTrace":null,"DisplayName":"TicTacTotallyAwesome.Test.UnitTest1.MiddleCellEmpty_ColumnWinner_ExpectWinnerEvaluation","Messages":[],"ComputerName":"MW-HUDSONM","Duration":"00:00:00.0001383","StartTime":"2021-08-12T14:25:24.6578147+00:00","EndTime":"2021-08-12T14:25:24.6578157+00:00","Properties":[]},{"TestCase":{"Id":"ca5a85d2-0965-ffaf-888e-fcf4ebcc50e4","FullyQualifiedName":"TicTacTotallyAwesome.Test.UnitTest1.MiddleCellNotEmpty_ColumnWinner_ExpectWinnerEvaluation","DisplayName":"TicTacTotallyAwesome.Test.UnitTest1.MiddleCellNotEmpty_ColumnWinner_ExpectWinnerEvaluation(inputData: \"O__OXXO_X\")","ExecutorUri":"executor://xunit/VsTestRunner2/netcoreapp","Source":"C:\\Users\\matt.hudson\\source\\repos\\TicTacTotallyAwesome\\TicTacTotallyAwesome.Test\\bin\\Debug\\netcoreapp3.1\\fine-code-coverage\\build-output\\TicTacTotallyAwesome.Test.dll","CodeFilePath":null,"LineNumber":0,"Properties":[]},"Attachments":[],"Outcome":1,"ErrorMessage":null,"ErrorStackTrace":null,"DisplayName":"TicTacTotallyAwesome.Test.UnitTest1.MiddleCellNotEmpty_ColumnWinner_ExpectWinnerEvaluation(inputData: \"O__OXXO_X\")","Messages":[],"ComputerName":"MW-HUDSONM","Duration":"00:00:00.0001193","StartTime":"2021-08-12T14:25:24.6590561+00:00","EndTime":"2021-08-12T14:25:24.6590568+00:00","Properties":[]},{"TestCase":{"Id":"0f7fd3f5-c96b-c62e-415a-c4010b742661","FullyQualifiedName":"TicTacTotallyAwesome.Test.UnitTest1.MiddleCellNotEmpty_ColumnWinner_ExpectWinnerEvaluation","DisplayName":"TicTacTotallyAwesome.Test.UnitTest1.MiddleCellNotEmpty_ColumnWinner_ExpectWinnerEvaluation(inputData: \"_O__OXOOX\")","ExecutorUri":"executor://xunit/VsTestRunner2/netcoreapp","Source":"C:\\Users\\matt.hudson\\source\\repos\\TicTacTotallyAwesome\\TicTacTotallyAwesome.Test\\bin\\Debug\\netcoreapp3.1\\fine-code-coverage\\build-output\\TicTacTotallyAwesome.Test.dll","CodeFilePath":null,"LineNumber":0,"Properties":[]},"Attachments":[],"Outcome":1,"ErrorMessage":null,"ErrorStackTrace":null,"DisplayName":"TicTacTotallyAwesome.Test.UnitTest1.MiddleCellNotEmpty_ColumnWinner_ExpectWinnerEvaluation(inputData: \"_O__OXOOX\")","Messages":[],"ComputerName":"MW-HUDSONM","Duration":"00:00:00.0000155","StartTime":"2021-08-12T14:25:24.6602519+00:00","EndTime":"2021-08-12T14:25:24.6602527+00:00","Properties":[]}],"TestRunStatistics":{"ExecutedTests":9,"Stats":{"Passed":9}},"ActiveTests":[{"Id":"7dbe18fe-2d87-3ea4-6112-f07fa496355d","FullyQualifiedName":"TicTacTotallyAwesome.Test.UnitTest1.MiddleCellNotEmpty_ColumnWinner_ExpectWinnerEvaluation","DisplayName":"TicTacTotallyAwesome.Test.UnitTest1.MiddleCellNotEmpty_ColumnWinner_ExpectWinnerEvaluation(inputData: \"O_OOXOO_O\")","ExecutorUri":"executor://xunit/VsTestRunner2/netcoreapp","Source":"C:\\Users\\matt.hudson\\source\\repos\\TicTacTotallyAwesome\\TicTacTotallyAwesome.Test\\bin\\Debug\\netcoreapp3.1\\fine-code-coverage\\build-output\\TicTacTotallyAwesome.Test.dll","CodeFilePath":null,"LineNumber":0,"Properties":[]}]}}
TpTrace Verbose: 0 : 4036, 14, 2021/08/12, 09:25:24.700, 11812604084687, vstest.console.dll, TestRunRequest:SendTestRunStatsChange: Starting.
TpTrace Verbose: 0 : 4036, 14, 2021/08/12, 09:25:24.700, 11812604085508, vstest.console.dll, InProgress is TicTacTotallyAwesome.Test.UnitTest1.MiddleCellNotEmpty_ColumnWinner_ExpectWinnerEvaluation(inputData: "O_OOXOO_O")
TpTrace Information: 0 : 4036, 14, 2021/08/12, 09:25:24.700, 11812604086864, vstest.console.dll, TestRunRequest:SendTestRunStatsChange: Completed.
TpTrace Verbose: 0 : 4036, 14, 2021/08/12, 09:25:24.700, 11812604087155, vstest.console.dll, TcpClientExtensions.MessageLoopAsync: Polling on remoteEndPoint: 127.0.0.1:63093 localEndPoint: 127.0.0.1:63092
TpTrace Verbose: 0 : 4036, 14, 2021/08/12, 09:25:24.700, 11812604087447, vstest.console.dll, TcpClientExtensions.MessageLoopAsync: NotifyDataAvailable remoteEndPoint: 127.0.0.1:63093 localEndPoint: 127.0.0.1:63092
TpTrace Verbose: 0 : 4036, 14, 2021/08/12, 09:25:24.700, 11812604087817, vstest.console.dll, TestRequestSender.OnExecutionMessageReceived: Received message: {"Version":2,"MessageType":"TestSession.Message","Payload":{"MessageLevel":0,"Message":"[xUnit.net 00:00:00.45]   Finished:    TicTacTotallyAwesome.Test"}}
TpTrace Verbose: 0 : 4036, 14, 2021/08/12, 09:25:24.700, 11812604088526, vstest.console.dll, TestRunRequest:SendTestRunMessage: Starting.
TpTrace Information: 0 : 4036, 14, 2021/08/12, 09:25:24.700, 11812604088816, vstest.console.dll, TestRunRequest:SendTestRunMessage: Completed.
TpTrace Verbose: 0 : 4036, 14, 2021/08/12, 09:25:24.700, 11812604089082, vstest.console.dll, TcpClientExtensions.MessageLoopAsync: Polling on remoteEndPoint: 127.0.0.1:63093 localEndPoint: 127.0.0.1:63092
TpTrace Verbose: 0 : 4036, 14, 2021/08/12, 09:25:24.706, 11812604151697, vstest.console.dll, TcpClientExtensions.MessageLoopAsync: NotifyDataAvailable remoteEndPoint: 127.0.0.1:63093 localEndPoint: 127.0.0.1:63092
TpTrace Verbose: 0 : 4036, 14, 2021/08/12, 09:25:24.706, 11812604152505, vstest.console.dll, TestRequestSender.OnExecutionMessageReceived: Received message: {"Version":2,"MessageType":"TestExecution.Completed","Payload":{"TestRunCompleteArgs":{"TestRunStatistics":{"ExecutedTests":12,"Stats":{"Passed":12}},"IsCanceled":false,"IsAborted":false,"Error":null,"AttachmentSets":[],"ElapsedTimeInRunningTests":"00:00:00.4623535","Metrics":{}},"LastRunTests":{"NewTestResults":[{"TestCase":{"Id":"7dbe18fe-2d87-3ea4-6112-f07fa496355d","FullyQualifiedName":"TicTacTotallyAwesome.Test.UnitTest1.MiddleCellNotEmpty_ColumnWinner_ExpectWinnerEvaluation","DisplayName":"TicTacTotallyAwesome.Test.UnitTest1.MiddleCellNotEmpty_ColumnWinner_ExpectWinnerEvaluation(inputData: \"O_OOXOO_O\")","ExecutorUri":"executor://xunit/VsTestRunner2/netcoreapp","Source":"C:\\Users\\matt.hudson\\source\\repos\\TicTacTotallyAwesome\\TicTacTotallyAwesome.Test\\bin\\Debug\\netcoreapp3.1\\fine-code-coverage\\build-output\\TicTacTotallyAwesome.Test.dll","CodeFilePath":null,"LineNumber":0,"Properties":[]},"Attachments":[],"Outcome":1,"ErrorMessage":null,"ErrorStackTrace":null,"DisplayName":"TicTacTotallyAwesome.Test.UnitTest1.MiddleCellNotEmpty_ColumnWinner_ExpectWinnerEvaluation(inputData: \"O_OOXOO_O\")","Messages":[],"ComputerName":"MW-HUDSONM","Duration":"00:00:00.0000142","StartTime":"2021-08-12T14:25:24.6873545+00:00","EndTime":"2021-08-12T14:25:24.687356+00:00","Properties":[]},{"TestCase":{"Id":"155dab33-02ad-7d3e-05b6-508cf791be17","FullyQualifiedName":"TicTacTotallyAwesome.Test.UnitTest1.CellEmpty_NoWinner_ExpectGameInProgress","DisplayName":"TicTacTotallyAwesome.Test.UnitTest1.CellEmpty_NoWinner_ExpectGameInProgress","ExecutorUri":"executor://xunit/VsTestRunner2/netcoreapp","Source":"C:\\Users\\matt.hudson\\source\\repos\\TicTacTotallyAwesome\\TicTacTotallyAwesome.Test\\bin\\Debug\\netcoreapp3.1\\fine-code-coverage\\build-output\\TicTacTotallyAwesome.Test.dll","CodeFilePath":null,"LineNumber":0,"Properties":[]},"Attachments":[],"Outcome":1,"ErrorMessage":null,"ErrorStackTrace":null,"DisplayName":"TicTacTotallyAwesome.Test.UnitTest1.CellEmpty_NoWinner_ExpectGameInProgress","Messages":[],"ComputerName":"MW-HUDSONM","Duration":"00:00:00.0001711","StartTime":"2021-08-12T14:25:24.6928544+00:00","EndTime":"2021-08-12T14:25:24.6928552+00:00","Properties":[]},{"TestCase":{"Id":"85782245-8c9e-7d7b-bb29-2b8a040d73f7","FullyQualifiedName":"TicTacTotallyAwesome.Test.UnitTest1.AllEmptyCells_NoWinner_ExpectGameInProgress","DisplayName":"TicTacTotallyAwesome.Test.UnitTest1.AllEmptyCells_NoWinner_ExpectGameInProgress","ExecutorUri":"executor://xunit/VsTestRunner2/netcoreapp","Source":"C:\\Users\\matt.hudson\\source\\repos\\TicTacTotallyAwesome\\TicTacTotallyAwesome.Test\\bin\\Debug\\netcoreapp3.1\\fine-code-coverage\\build-output\\TicTacTotallyAwesome.Test.dll","CodeFilePath":null,"LineNumber":0,"Properties":[]},"Attachments":[],"Outcome":1,"ErrorMessage":null,"ErrorStackTrace":null,"DisplayName":"TicTacTotallyAwesome.Test.UnitTest1.AllEmptyCells_NoWinner_ExpectGameInProgress","Messages":[],"ComputerName":"MW-HUDSONM","Duration":"00:00:00.0001252","StartTime":"2021-08-12T14:25:24.6940823+00:00","EndTime":"2021-08-12T14:25:24.694083+00:00","Properties":[]}],"TestRunStatistics":{"ExecutedTests":12,"Stats":{"Passed":12}},"ActiveTests":[]},"RunAttachments":[],"ExecutorUris":["executor://xunit/VsTestRunner2/netcoreapp"]}}
TpTrace Verbose: 0 : 4036, 14, 2021/08/12, 09:25:24.707, 11812604153878, vstest.console.dll, TestRequestSender.EndSession: Sending end session.
TpTrace Verbose: 0 : 4036, 14, 2021/08/12, 09:25:24.707, 11812604154748, vstest.console.dll, ProxyOperationManager.Close: waiting for test host to exit for 100 ms
TpTrace Warning: 0 : 4036, 10, 2021/08/12, 09:25:24.716, 11812604245003, vstest.console.dll, TestHostManagerCallbacks.ErrorReceivedCallback Test host standard error line: 
TpTrace Verbose: 0 : 4036, 7, 2021/08/12, 09:25:24.722, 11812604307062, vstest.console.dll, TestHostProvider.ExitCallBack: Host exited starting callback.
TpTrace Information: 0 : 4036, 7, 2021/08/12, 09:25:24.722, 11812604310074, vstest.console.dll, TestHostManagerCallbacks.ExitCallBack: Testhost processId: 40228 exited with exitcode: 0 error: ''
TpTrace Verbose: 0 : 4036, 7, 2021/08/12, 09:25:24.722, 11812604310506, vstest.console.dll, DotnetTestHostManager.OnHostExited: invoking OnHostExited callback
TpTrace Verbose: 0 : 4036, 7, 2021/08/12, 09:25:24.722, 11812604310835, vstest.console.dll, CrossPlatEngine.TestHostManagerHostExited: calling on client process exit callback.
TpTrace Information: 0 : 4036, 7, 2021/08/12, 09:25:24.722, 11812604311193, vstest.console.dll, TestRequestSender.OnClientProcessExit: Test host process exited. Standard error: 
TpTrace Warning: 0 : 4036, 14, 2021/08/12, 09:25:24.722, 11812604311234, vstest.console.dll, ProxyOperationManager: Timed out waiting for test host to exit. Will terminate process.
TpTrace Information: 0 : 4036, 7, 2021/08/12, 09:25:24.722, 11812604311491, vstest.console.dll, SocketServer.Stop: Stop server endPoint: 127.0.0.1:63092
TpTrace Information: 0 : 4036, 7, 2021/08/12, 09:25:24.722, 11812604312508, vstest.console.dll, SocketServer.Stop: Cancellation requested. Stopping message loop.
TpTrace Verbose: 0 : 4036, 14, 2021/08/12, 09:25:24.723, 11812604315823, vstest.console.dll, ProxyDataCollectionManager.InvokeDataCollectionServiceAction: Starting.
TpTrace Information: 0 : 4036, 14, 2021/08/12, 09:25:24.723, 11812604316176, vstest.console.dll, ProxyDataCollectionManager.AfterTestRunEnd: Get attachment set for datacollector processId: 17072 port: 63089
TpTrace Verbose: 0 : 4036, 14, 2021/08/12, 09:25:24.723, 11812604316497, vstest.console.dll, DataCollectionRequestSender.SendAfterTestRunStartAndGetResult : Send AfterTestRunEnd message with isCancelled: False
TpTrace Verbose: 0 : 4036, 14, 2021/08/12, 09:25:24.725, 11812604342867, vstest.console.dll, DataCollectionRequestSender.SendAfterTestRunStartAndGetResult : Received message: (DataCollection.AfterTestRunEndResult) -> {
  "AttachmentSets": [],
  "Metrics": {}
}
TpTrace Information: 0 : 4036, 14, 2021/08/12, 09:25:24.727, 11812604357851, vstest.console.dll, ProxyDataCollectionManager.InvokeDataCollectionServiceAction: Completed.
TpTrace Warning: 0 : 4036, 9, 2021/08/12, 09:25:24.729, 11812604376252, vstest.console.dll, DataCollectionLauncher.ErrorReceivedCallback datacollector standard error line: 
TpTrace Information: 0 : 4036, 7, 2021/08/12, 09:25:24.732, 11812604410719, vstest.console.dll, DataCollectionLauncher.ExitCallBack: Data collector exited with exitcode: 0 error: ''
TpTrace Verbose: 0 : 4036, 14, 2021/08/12, 09:25:24.740, 11812604487331, vstest.console.dll, TestRunRequest:SendTestRunStatsChange: Starting.
TpTrace Information: 0 : 4036, 14, 2021/08/12, 09:25:24.740, 11812604487939, vstest.console.dll, TestRunRequest:SendTestRunStatsChange: Completed.
TpTrace Verbose: 0 : 4036, 14, 2021/08/12, 09:25:24.740, 11812604488956, vstest.console.dll, ParallelProxyExecutionManager: HandlePartialRunComplete: Total completed clients = 1, Run complete = True, Run canceled: False.
TpTrace Verbose: 0 : 4036, 14, 2021/08/12, 09:25:24.755, 11812604637737, vstest.console.dll, TestRunRequest:TestRunComplete: Starting. IsAborted:False IsCanceled:False.
TpTrace Verbose: 0 : 4036, 14, 2021/08/12, 09:25:24.755, 11812604638804, vstest.console.dll, TestLoggerManager.HandleTestRunComplete: Ignoring as the object is disposed.
TpTrace Information: 0 : 4036, 14, 2021/08/12, 09:25:24.755, 11812604640276, vstest.console.dll, TestRunRequest:TestRunComplete: Completed.
TpTrace Verbose: 0 : 4036, 14, 2021/08/12, 09:25:24.755, 11812604640602, vstest.console.dll, TestRequestSender.SetOperationComplete: Setting operation complete.
TpTrace Information: 0 : 4036, 14, 2021/08/12, 09:25:24.755, 11812604640839, vstest.console.dll, SocketServer.Stop: Stop server endPoint: 127.0.0.1:63092
TpTrace Verbose: 0 : 4036, 1, 2021/08/12, 09:25:24.755, 11812604640932, vstest.console.dll, TestRunRequest.Dispose: Starting.
TpTrace Information: 0 : 4036, 1, 2021/08/12, 09:25:24.755, 11812604641439, vstest.console.dll, TestRunRequest.Dispose: Completed.
TpTrace Information: 0 : 4036, 14, 2021/08/12, 09:25:24.755, 11812604641015, vstest.console.dll, SocketServer.Stop: Cancellation requested. Stopping message loop.
TpTrace Information: 0 : 4036, 14, 2021/08/12, 09:25:24.755, 11812604642183, vstest.console.dll, SocketServer.PrivateStop: Stop server endPoint: 127.0.0.1:63092 error: 
TpTrace Information: 0 : 4036, 1, 2021/08/12, 09:25:24.755, 11812604641763, vstest.console.dll, TestRequestManager.RunTests: run tests completed.
TpTrace Information: 0 : 4036, 1, 2021/08/12, 09:25:24.755, 11812604643160, vstest.console.dll, RunTestsArgumentProcessor:Execute: Test run is completed.
TpTrace Verbose: 0 : 4036, 1, 2021/08/12, 09:25:24.756, 11812604644312, vstest.console.dll, Executor.Execute: Exiting with exit code of 0
TpTrace Verbose: 0 : 4036, 14, 2021/08/12, 09:25:24.756, 11812604645942, vstest.console.dll, LengthPrefixCommunicationChannel.Dispose: Dispose reader and writer.
TpTrace Information: 0 : 4036, 14, 2021/08/12, 09:25:24.756, 11812604646444, vstest.console.dll, SocketServer.Stop: Raise disconnected event endPoint: 127.0.0.1:63092 error: 
TpTrace Verbose: 0 : 4036, 14, 2021/08/12, 09:25:24.756, 11812604646850, vstest.console.dll, TestRequestSender: OnTestRunAbort: Operation is already complete. Skip error message.
TpTrace Verbose: 0 : 4036, 14, 2021/08/12, 09:25:24.756, 11812604647065, vstest.console.dll, TcpClientExtensions.MessageLoopAsync: exiting MessageLoopAsync remoteEndPoint: 127.0.0.1:63093 localEndPoint: 127.0.0.1:63092
