<?xml version="1.0" encoding="utf-8"?>
<coverage line-rate="0.9629000000000001" branch-rate="0.9285" version="1.9" timestamp="1628778324" lines-covered="156" lines-valid="162" branches-covered="52" branches-valid="56">
  <sources>
    <source>C:\Users\matt.hudson\</source>
  </sources>
  <packages>
    <package name="TicTacTotallyAwesome" line-rate="0.9484" branch-rate="0.9285" complexity="56">
      <classes>
        <class name="TicTacTotallyAwesome.EnumExtensions" filename="source\repos\TicTacTotallyAwesome\TicTacTotallyAwesome\Program.cs" line-rate="0.8332999999999999" branch-rate="0.5" complexity="6">
          <methods>
            <method name="GetDescription" signature="(System.Enum)" line-rate="0.8332999999999999" branch-rate="0.5" complexity="6">
              <lines>
                <line number="34" hits="12" branch="False" />
                <line number="35" hits="12" branch="False" />
                <line number="36" hits="12" branch="False" />
                <line number="37" hits="12" branch="True" condition-coverage="50% (1/2)">
                  <conditions>
                    <condition number="22" type="jump" coverage="50%" />
                  </conditions>
                </line>
                <line number="38" hits="12" branch="False" />
                <line number="39" hits="12" branch="False" />
                <line number="40" hits="12" branch="True" condition-coverage="50% (1/2)">
                  <conditions>
                    <condition number="44" type="jump" coverage="50%" />
                  </conditions>
                </line>
                <line number="41" hits="12" branch="False" />
                <line number="42" hits="12" branch="False" />
                <line number="43" hits="12" branch="False" />
                <line number="44" hits="12" branch="False" />
                <line number="45" hits="12" branch="True" condition-coverage="50% (1/2)">
                  <conditions>
                    <condition number="79" type="jump" coverage="50%" />
                  </conditions>
                </line>
                <line number="46" hits="12" branch="False" />
                <line number="47" hits="12" branch="False" />
                <line number="49" hits="0" branch="False" />
                <line number="50" hits="0" branch="False" />
                <line number="51" hits="0" branch="False" />
                <line number="52" hits="12" branch="False" />
              </lines>
            </method>
          </methods>
          <lines>
            <line number="34" hits="12" branch="False" />
            <line number="35" hits="12" branch="False" />
            <line number="36" hits="12" branch="False" />
            <line number="37" hits="12" branch="True" condition-coverage="50% (1/2)">
              <conditions>
                <condition number="22" type="jump" coverage="50%" />
              </conditions>
            </line>
            <line number="38" hits="12" branch="False" />
            <line number="39" hits="12" branch="False" />
            <line number="40" hits="12" branch="True" condition-coverage="50% (1/2)">
              <conditions>
                <condition number="44" type="jump" coverage="50%" />
              </conditions>
            </line>
            <line number="41" hits="12" branch="False" />
            <line number="42" hits="12" branch="False" />
            <line number="43" hits="12" branch="False" />
            <line number="44" hits="12" branch="False" />
            <line number="45" hits="12" branch="True" condition-coverage="50% (1/2)">
              <conditions>
                <condition number="79" type="jump" coverage="50%" />
              </conditions>
            </line>
            <line number="46" hits="12" branch="False" />
            <line number="47" hits="12" branch="False" />
            <line number="49" hits="0" branch="False" />
            <line number="50" hits="0" branch="False" />
            <line number="51" hits="0" branch="False" />
            <line number="52" hits="12" branch="False" />
          </lines>
        </class>
        <class name="TicTacTotallyAwesome.TicTacToe" filename="source\repos\TicTacTotallyAwesome\TicTacTotallyAwesome\Program.cs" line-rate="0.9745999999999999" branch-rate="0.98" complexity="50">
          <methods>
            <method name="CalculateWinner" signature="(TicTacTotallyAwesome.CellState[])" line-rate="1" branch-rate="1" complexity="2">
              <lines>
                <line number="69" hits="12" branch="False" />
                <line number="70" hits="12" branch="True" condition-coverage="100% (2/2)">
                  <conditions>
                    <condition number="9" type="jump" coverage="100%" />
                  </conditions>
                </line>
                <line number="71" hits="10" branch="False" />
                <line number="72" hits="10" branch="False" />
                <line number="75" hits="2" branch="False" />
                <line number="76" hits="2" branch="False" />
                <line number="78" hits="12" branch="False" />
              </lines>
            </method>
            <method name="DiagonalWinner" signature="(TicTacTotallyAwesome.CellState[])" line-rate="1" branch-rate="1" complexity="8">
              <lines>
                <line number="81" hits="10" branch="False" />
                <line number="82" hits="10" branch="False" />
                <line number="83" hits="10" branch="True" condition-coverage="100% (8/8)">
                  <conditions>
                    <condition number="9" type="jump" coverage="100%" />
                    <condition number="15" type="jump" coverage="100%" />
                    <condition number="21" type="jump" coverage="100%" />
                    <condition number="37" type="jump" coverage="100%" />
                  </conditions>
                </line>
                <line number="84" hits="10" branch="False" />
                <line number="85" hits="2" branch="False" />
                <line number="86" hits="2" branch="False" />
                <line number="88" hits="8" branch="False" />
                <line number="89" hits="10" branch="False" />
              </lines>
            </method>
            <method name="ColumnWinner" signature="(TicTacTotallyAwesome.CellState[])" line-rate="1" branch-rate="1" complexity="8">
              <lines>
                <line number="92" hits="6" branch="False" />
                <line number="93" hits="26" branch="True" condition-coverage="100% (2/2)">
                  <conditions>
                    <condition number="63" type="jump" coverage="100%" />
                  </conditions>
                </line>
                <line number="94" hits="11" branch="False" />
                <line number="95" hits="11" branch="False" />
                <line number="96" hits="11" branch="True" condition-coverage="100% (6/6)">
                  <conditions>
                    <condition number="16" type="jump" coverage="100%" />
                    <condition number="24" type="jump" coverage="100%" />
                    <condition number="35" type="jump" coverage="100%" />
                  </conditions>
                </line>
                <line number="97" hits="4" branch="False" />
                <line number="98" hits="4" branch="False" />
                <line number="100" hits="4" branch="False" />
                <line number="102" hits="7" branch="False" />
                <line number="103" hits="2" branch="False" />
                <line number="104" hits="6" branch="False" />
              </lines>
            </method>
            <method name="RowWinner" signature="(TicTacTotallyAwesome.CellState[])" line-rate="1" branch-rate="1" complexity="10">
              <lines>
                <line number="108" hits="10" branch="False" />
                <line number="109" hits="146" branch="True" condition-coverage="100% (2/2)">
                  <conditions>
                    <condition number="86" type="jump" coverage="100%" />
                  </conditions>
                </line>
                <line number="110" hits="67" branch="False" />
                <line number="111" hits="67" branch="True" condition-coverage="100% (6/6)">
                  <conditions>
                    <condition number="9" type="jump" coverage="100%" />
                    <condition number="19" type="jump" coverage="100%" />
                    <condition number="36" type="jump" coverage="100%" />
                  </conditions>
                </line>
                <line number="112" hits="4" branch="False" />
                <line number="113" hits="4" branch="False" />
                <line number="114" hits="4" branch="True" condition-coverage="100% (2/2)">
                  <conditions>
                    <condition number="51" type="jump" coverage="100%" />
                  </conditions>
                </line>
                <line number="115" hits="1" branch="False" />
                <line number="116" hits="1" branch="False" />
                <line number="119" hits="3" branch="False" />
                <line number="121" hits="3" branch="False" />
                <line number="123" hits="63" branch="False" />
                <line number="124" hits="6" branch="False" />
                <line number="125" hits="10" branch="False" />
              </lines>
            </method>
            <method name="WinnerXorO" signature="(TicTacTotallyAwesome.CellState)" line-rate="1" branch-rate="1" complexity="2">
              <lines>
                <line number="128" hits="9" branch="False" />
                <line number="129" hits="9" branch="True" condition-coverage="100% (2/2)">
                  <conditions>
                    <condition number="7" type="jump" coverage="100%" />
                  </conditions>
                </line>
                <line number="130" hits="5" branch="False" />
                <line number="131" hits="5" branch="False" />
                <line number="133" hits="4" branch="False" />
                <line number="134" hits="9" branch="False" />
              </lines>
            </method>
            <method name="IsGameTied" signature="(TicTacTotallyAwesome.CellState[])" line-rate="1" branch-rate="1" complexity="8">
              <lines>
                <line number="137" hits="2" branch="False" />
                <line number="138" hits="2" branch="False" />
                <line number="139" hits="40" branch="True" condition-coverage="100% (2/2)">
                  <conditions>
                    <condition number="41" type="jump" coverage="100%" />
                  </conditions>
                </line>
                <line number="140" hits="18" branch="False" />
                <line number="141" hits="18" branch="True" condition-coverage="100% (4/4)">
                  <conditions>
                    <condition number="11" type="jump" coverage="100%" />
                    <condition number="22" type="jump" coverage="100%" />
                  </conditions>
                </line>
                <line number="142" hits="1" branch="False" />
                <line number="143" hits="1" branch="False" />
                <line number="144" hits="1" branch="False" />
                <line number="145" hits="18" branch="False" />
                <line number="147" hits="2" branch="True" condition-coverage="100% (2/2)">
                  <conditions>
                    <condition number="51" type="jump" coverage="100%" />
                  </conditions>
                </line>
                <line number="148" hits="1" branch="False" />
                <line number="149" hits="1" branch="False" />
                <line number="151" hits="1" branch="False" />
                <line number="152" hits="2" branch="False" />
              </lines>
            </method>
            <method name="ConvertInputLineToCellStateArray" signature="(System.String)" line-rate="0.8461" branch-rate="0.9" complexity="10">
              <lines>
                <line number="155" hits="12" branch="False" />
                <line number="156" hits="12" branch="True" condition-coverage="50% (1/2)">
                  <conditions>
                    <condition number="16" type="jump" coverage="50%" />
                  </conditions>
                </line>
                <line number="157" hits="0" branch="False" />
                <line number="158" hits="0" branch="False" />
                <line number="161" hits="12" branch="False" />
                <line number="163" hits="252" branch="True" condition-coverage="100% (2/2)">
                  <conditions>
                    <condition number="125" type="jump" coverage="100%" />
                  </conditions>
                </line>
                <line number="164" hits="108" branch="False" />
                <line number="165" hits="154" branch="True" condition-coverage="100% (2/2)">
                  <conditions>
                    <condition number="63" type="jump" coverage="100%" />
                  </conditions>
                </line>
                <line number="166" hits="145" branch="True" condition-coverage="100% (2/2)">
                  <conditions>
                    <condition number="83" type="jump" coverage="100%" />
                  </conditions>
                </line>
                <line number="167" hits="133" branch="True" condition-coverage="100% (2/2)">
                  <conditions>
                    <condition number="103" type="jump" coverage="100%" />
                  </conditions>
                </line>
                <line number="168" hits="108" branch="False" />
                <line number="170" hits="12" branch="False" />
                <line number="171" hits="12" branch="False" />
              </lines>
            </method>
            <method name="Main" signature="(System.String[])" line-rate="1" branch-rate="1" complexity="2">
              <lines>
                <line number="174" hits="12" branch="False" />
                <line number="177" hits="24" branch="True" condition-coverage="100% (2/2)">
                  <conditions>
                    <condition number="44" type="jump" coverage="100%" />
                  </conditions>
                </line>
                <line number="178" hits="12" branch="False" />
                <line number="179" hits="12" branch="False" />
                <line number="180" hits="12" branch="False" />
                <line number="181" hits="12" branch="False" />
              </lines>
            </method>
          </methods>
          <lines>
            <line number="69" hits="12" branch="False" />
            <line number="70" hits="12" branch="True" condition-coverage="100% (2/2)">
              <conditions>
                <condition number="9" type="jump" coverage="100%" />
              </conditions>
            </line>
            <line number="71" hits="10" branch="False" />
            <line number="72" hits="10" branch="False" />
            <line number="75" hits="2" branch="False" />
            <line number="76" hits="2" branch="False" />
            <line number="78" hits="12" branch="False" />
            <line number="81" hits="10" branch="False" />
            <line number="82" hits="10" branch="False" />
            <line number="83" hits="10" branch="True" condition-coverage="100% (8/8)">
              <conditions>
                <condition number="9" type="jump" coverage="100%" />
                <condition number="15" type="jump" coverage="100%" />
                <condition number="21" type="jump" coverage="100%" />
                <condition number="37" type="jump" coverage="100%" />
              </conditions>
            </line>
            <line number="84" hits="10" branch="False" />
            <line number="85" hits="2" branch="False" />
            <line number="86" hits="2" branch="False" />
            <line number="88" hits="8" branch="False" />
            <line number="89" hits="10" branch="False" />
            <line number="92" hits="6" branch="False" />
            <line number="93" hits="26" branch="True" condition-coverage="100% (2/2)">
              <conditions>
                <condition number="63" type="jump" coverage="100%" />
              </conditions>
            </line>
            <line number="94" hits="11" branch="False" />
            <line number="95" hits="11" branch="False" />
            <line number="96" hits="11" branch="True" condition-coverage="100% (6/6)">
              <conditions>
                <condition number="16" type="jump" coverage="100%" />
                <condition number="24" type="jump" coverage="100%" />
                <condition number="35" type="jump" coverage="100%" />
              </conditions>
            </line>
            <line number="97" hits="4" branch="False" />
            <line number="98" hits="4" branch="False" />
            <line number="100" hits="4" branch="False" />
            <line number="102" hits="7" branch="False" />
            <line number="103" hits="2" branch="False" />
            <line number="104" hits="6" branch="False" />
            <line number="108" hits="10" branch="False" />
            <line number="109" hits="146" branch="True" condition-coverage="100% (2/2)">
              <conditions>
                <condition number="86" type="jump" coverage="100%" />
              </conditions>
            </line>
            <line number="110" hits="67" branch="False" />
            <line number="111" hits="67" branch="True" condition-coverage="100% (6/6)">
              <conditions>
                <condition number="9" type="jump" coverage="100%" />
                <condition number="19" type="jump" coverage="100%" />
                <condition number="36" type="jump" coverage="100%" />
              </conditions>
            </line>
            <line number="112" hits="4" branch="False" />
            <line number="113" hits="4" branch="False" />
            <line number="114" hits="4" branch="True" condition-coverage="100% (2/2)">
              <conditions>
                <condition number="51" type="jump" coverage="100%" />
              </conditions>
            </line>
            <line number="115" hits="1" branch="False" />
            <line number="116" hits="1" branch="False" />
            <line number="119" hits="3" branch="False" />
            <line number="121" hits="3" branch="False" />
            <line number="123" hits="63" branch="False" />
            <line number="124" hits="6" branch="False" />
            <line number="125" hits="10" branch="False" />
            <line number="128" hits="9" branch="False" />
            <line number="129" hits="9" branch="True" condition-coverage="100% (2/2)">
              <conditions>
                <condition number="7" type="jump" coverage="100%" />
              </conditions>
            </line>
            <line number="130" hits="5" branch="False" />
            <line number="131" hits="5" branch="False" />
            <line number="133" hits="4" branch="False" />
            <line number="134" hits="9" branch="False" />
            <line number="137" hits="2" branch="False" />
            <line number="138" hits="2" branch="False" />
            <line number="139" hits="40" branch="True" condition-coverage="100% (2/2)">
              <conditions>
                <condition number="41" type="jump" coverage="100%" />
              </conditions>
            </line>
            <line number="140" hits="18" branch="False" />
            <line number="141" hits="18" branch="True" condition-coverage="100% (4/4)">
              <conditions>
                <condition number="11" type="jump" coverage="100%" />
                <condition number="22" type="jump" coverage="100%" />
              </conditions>
            </line>
            <line number="142" hits="1" branch="False" />
            <line number="143" hits="1" branch="False" />
            <line number="144" hits="1" branch="False" />
            <line number="145" hits="18" branch="False" />
            <line number="147" hits="2" branch="True" condition-coverage="100% (2/2)">
              <conditions>
                <condition number="51" type="jump" coverage="100%" />
              </conditions>
            </line>
            <line number="148" hits="1" branch="False" />
            <line number="149" hits="1" branch="False" />
            <line number="151" hits="1" branch="False" />
            <line number="152" hits="2" branch="False" />
            <line number="155" hits="12" branch="False" />
            <line number="156" hits="12" branch="True" condition-coverage="50% (1/2)">
              <conditions>
                <condition number="16" type="jump" coverage="50%" />
              </conditions>
            </line>
            <line number="157" hits="0" branch="False" />
            <line number="158" hits="0" branch="False" />
            <line number="161" hits="12" branch="False" />
            <line number="163" hits="252" branch="True" condition-coverage="100% (2/2)">
              <conditions>
                <condition number="125" type="jump" coverage="100%" />
              </conditions>
            </line>
            <line number="164" hits="108" branch="False" />
            <line number="165" hits="154" branch="True" condition-coverage="100% (2/2)">
              <conditions>
                <condition number="63" type="jump" coverage="100%" />
              </conditions>
            </line>
            <line number="166" hits="145" branch="True" condition-coverage="100% (2/2)">
              <conditions>
                <condition number="83" type="jump" coverage="100%" />
              </conditions>
            </line>
            <line number="167" hits="133" branch="True" condition-coverage="100% (2/2)">
              <conditions>
                <condition number="103" type="jump" coverage="100%" />
              </conditions>
            </line>
            <line number="168" hits="108" branch="False" />
            <line number="170" hits="12" branch="False" />
            <line number="171" hits="12" branch="False" />
            <line number="174" hits="12" branch="False" />
            <line number="177" hits="24" branch="True" condition-coverage="100% (2/2)">
              <conditions>
                <condition number="44" type="jump" coverage="100%" />
              </conditions>
            </line>
            <line number="178" hits="12" branch="False" />
            <line number="179" hits="12" branch="False" />
            <line number="180" hits="12" branch="False" />
            <line number="181" hits="12" branch="False" />
          </lines>
        </class>
      </classes>
    </package>
    <package name="TicTacTotallyAwesome.Test" line-rate="0.9845999999999999" branch-rate="1" complexity="8">
      <classes>
        <class name="AutoGeneratedProgram" filename=".nuget\packages\microsoft.net.test.sdk\16.5.0\build\netcoreapp2.1\Microsoft.NET.Test.Sdk.Program.cs" line-rate="0" branch-rate="1" complexity="1">
          <methods>
            <method name="Main" signature="(System.String[])" line-rate="0" branch-rate="1" complexity="1">
              <lines>
                <line number="4" hits="0" branch="False" />
              </lines>
            </method>
          </methods>
          <lines>
            <line number="4" hits="0" branch="False" />
          </lines>
        </class>
        <class name="TicTacTotallyAwesome.Test.UnitTest1" filename="source\repos\TicTacTotallyAwesome\TicTacTotallyAwesome.Test\UnitTest1.cs" line-rate="1" branch-rate="1" complexity="7">
          <methods>
            <method name="CalculateWinner_DiagonalWinner_ExpectWinnerEvaluation" signature="(System.String)" line-rate="1" branch-rate="1" complexity="1">
              <lines>
                <line number="18" hits="2" branch="False" />
                <line number="19" hits="2" branch="False" />
                <line number="20" hits="2" branch="False" />
                <line number="22" hits="2" branch="False" />
                <line number="23" hits="2" branch="False" />
                <line number="25" hits="2" branch="False" />
                <line number="27" hits="2" branch="False" />
                <line number="28" hits="2" branch="False" />
              </lines>
            </method>
            <method name="CalculateWinner_RowWinner_ExpectWinnerEvaluation" signature="(System.String)" line-rate="1" branch-rate="1" complexity="1">
              <lines>
                <line number="41" hits="3" branch="False" />
                <line number="42" hits="3" branch="False" />
                <line number="43" hits="3" branch="False" />
                <line number="45" hits="3" branch="False" />
                <line number="46" hits="3" branch="False" />
                <line number="48" hits="3" branch="False" />
                <line number="50" hits="3" branch="False" />
                <line number="51" hits="3" branch="False" />
              </lines>
            </method>
            <method name="MiddleCellNotEmpty_ColumnWinner_ExpectWinnerEvaluation" signature="(System.String)" line-rate="1" branch-rate="1" complexity="1">
              <lines>
                <line number="64" hits="3" branch="False" />
                <line number="65" hits="3" branch="False" />
                <line number="66" hits="3" branch="False" />
                <line number="68" hits="3" branch="False" />
                <line number="69" hits="3" branch="False" />
                <line number="71" hits="3" branch="False" />
                <line number="73" hits="3" branch="False" />
                <line number="74" hits="3" branch="False" />
              </lines>
            </method>
            <method name="MiddleCellEmpty_ColumnWinner_ExpectWinnerEvaluation" signature="()" line-rate="1" branch-rate="1" complexity="1">
              <lines>
                <line number="78" hits="1" branch="False" />
                <line number="79" hits="1" branch="False" />
                <line number="80" hits="1" branch="False" />
                <line number="82" hits="1" branch="False" />
                <line number="83" hits="1" branch="False" />
                <line number="84" hits="1" branch="False" />
                <line number="85" hits="1" branch="False" />
                <line number="87" hits="1" branch="False" />
                <line number="89" hits="1" branch="False" />
                <line number="90" hits="1" branch="False" />
              </lines>
            </method>
            <method name="AllCellsFull_NoWinner_ExpectTiedGame" signature="()" line-rate="1" branch-rate="1" complexity="1">
              <lines>
                <line number="94" hits="1" branch="False" />
                <line number="95" hits="1" branch="False" />
                <line number="96" hits="1" branch="False" />
                <line number="98" hits="1" branch="False" />
                <line number="99" hits="1" branch="False" />
                <line number="100" hits="1" branch="False" />
                <line number="101" hits="1" branch="False" />
                <line number="103" hits="1" branch="False" />
                <line number="105" hits="1" branch="False" />
                <line number="106" hits="1" branch="False" />
              </lines>
            </method>
            <method name="CellEmpty_NoWinner_ExpectGameInProgress" signature="()" line-rate="1" branch-rate="1" complexity="1">
              <lines>
                <line number="110" hits="1" branch="False" />
                <line number="111" hits="1" branch="False" />
                <line number="112" hits="1" branch="False" />
                <line number="114" hits="1" branch="False" />
                <line number="115" hits="1" branch="False" />
                <line number="116" hits="1" branch="False" />
                <line number="117" hits="1" branch="False" />
                <line number="119" hits="1" branch="False" />
                <line number="121" hits="1" branch="False" />
                <line number="122" hits="1" branch="False" />
              </lines>
            </method>
            <method name="AllEmptyCells_NoWinner_ExpectGameInProgress" signature="()" line-rate="1" branch-rate="1" complexity="1">
              <lines>
                <line number="126" hits="1" branch="False" />
                <line number="127" hits="1" branch="False" />
                <line number="128" hits="1" branch="False" />
                <line number="130" hits="1" branch="False" />
                <line number="131" hits="1" branch="False" />
                <line number="132" hits="1" branch="False" />
                <line number="133" hits="1" branch="False" />
                <line number="135" hits="1" branch="False" />
                <line number="137" hits="1" branch="False" />
                <line number="138" hits="1" branch="False" />
              </lines>
            </method>
          </methods>
          <lines>
            <line number="18" hits="2" branch="False" />
            <line number="19" hits="2" branch="False" />
            <line number="20" hits="2" branch="False" />
            <line number="22" hits="2" branch="False" />
            <line number="23" hits="2" branch="False" />
            <line number="25" hits="2" branch="False" />
            <line number="27" hits="2" branch="False" />
            <line number="28" hits="2" branch="False" />
            <line number="41" hits="3" branch="False" />
            <line number="42" hits="3" branch="False" />
            <line number="43" hits="3" branch="False" />
            <line number="45" hits="3" branch="False" />
            <line number="46" hits="3" branch="False" />
            <line number="48" hits="3" branch="False" />
            <line number="50" hits="3" branch="False" />
            <line number="51" hits="3" branch="False" />
            <line number="64" hits="3" branch="False" />
            <line number="65" hits="3" branch="False" />
            <line number="66" hits="3" branch="False" />
            <line number="68" hits="3" branch="False" />
            <line number="69" hits="3" branch="False" />
            <line number="71" hits="3" branch="False" />
            <line number="73" hits="3" branch="False" />
            <line number="74" hits="3" branch="False" />
            <line number="78" hits="1" branch="False" />
            <line number="79" hits="1" branch="False" />
            <line number="80" hits="1" branch="False" />
            <line number="82" hits="1" branch="False" />
            <line number="83" hits="1" branch="False" />
            <line number="84" hits="1" branch="False" />
            <line number="85" hits="1" branch="False" />
            <line number="87" hits="1" branch="False" />
            <line number="89" hits="1" branch="False" />
            <line number="90" hits="1" branch="False" />
            <line number="94" hits="1" branch="False" />
            <line number="95" hits="1" branch="False" />
            <line number="96" hits="1" branch="False" />
            <line number="98" hits="1" branch="False" />
            <line number="99" hits="1" branch="False" />
            <line number="100" hits="1" branch="False" />
            <line number="101" hits="1" branch="False" />
            <line number="103" hits="1" branch="False" />
            <line number="105" hits="1" branch="False" />
            <line number="106" hits="1" branch="False" />
            <line number="110" hits="1" branch="False" />
            <line number="111" hits="1" branch="False" />
            <line number="112" hits="1" branch="False" />
            <line number="114" hits="1" branch="False" />
            <line number="115" hits="1" branch="False" />
            <line number="116" hits="1" branch="False" />
            <line number="117" hits="1" branch="False" />
            <line number="119" hits="1" branch="False" />
            <line number="121" hits="1" branch="False" />
            <line number="122" hits="1" branch="False" />
            <line number="126" hits="1" branch="False" />
            <line number="127" hits="1" branch="False" />
            <line number="128" hits="1" branch="False" />
            <line number="130" hits="1" branch="False" />
            <line number="131" hits="1" branch="False" />
            <line number="132" hits="1" branch="False" />
            <line number="133" hits="1" branch="False" />
            <line number="135" hits="1" branch="False" />
            <line number="137" hits="1" branch="False" />
            <line number="138" hits="1" branch="False" />
          </lines>
        </class>
      </classes>
    </package>
  </packages>
</coverage>